This is XeTeX, Version 3.141592653-2.6-0.999998 (MiKTeX 26.5) (preloaded format=xelatex 2026.6.25)  29 JUN 2026 22:20
entering extended mode
 restricted \write18 enabled.
 %&-line parsing enabled.
**./dartsim_detailed_guide_v2_fa.tex
(dartsim_detailed_guide_v2_fa.tex
LaTeX2e <2025-11-01>
L3 programming layer <2026-04-28>
(C:\Program Files\MiKTeX\tex/latex/base\article.cls
Document Class: article 2025/01/22 v1.4n Standard LaTeX document class
(C:\Program Files\MiKTeX\tex/latex/base\size12.clo
File: size12.clo 2025/01/22 v1.4n Standard LaTeX file (size option)
)
\c@part=\count272
\c@section=\count273
\c@subsection=\count274
\c@subsubsection=\count275
\c@paragraph=\count276
\c@subparagraph=\count277
\c@figure=\count278
\c@table=\count279
\abovecaptionskip=\skip49
\belowcaptionskip=\skip50
\bibindent=\dimen150
)
(C:\Program Files\MiKTeX\tex/latex/amscls\amsthm.sty
Package: amsthm 2020/05/29 v2.20.6
\thm@style=\toks17
\thm@bodyfont=\toks18
\thm@headfont=\toks19
\thm@notefont=\toks20
\thm@headpunct=\toks21
\thm@preskip=\skip51
\thm@postskip=\skip52
\thm@headsep=\skip53
\dth@everypar=\toks22
)
(C:\Program Files\MiKTeX\tex/latex/amsfonts\amssymb.sty
Package: amssymb 2013/01/14 v3.01 AMS font symbols

(C:\Program Files\MiKTeX\tex/latex/amsfonts\amsfonts.sty
Package: amsfonts 2013/01/14 v3.01 Basic AMSFonts support
\@emptytoks=\toks23
\symAMSa=\mathgroup4
\symAMSb=\mathgroup5
LaTeX Font Info:    Redeclaring math symbol \hbar on input line 98.
LaTeX Font Info:    Overwriting math alphabet `\mathfrak' in version `bold'
(Font)                  U/euf/m/n --> U/euf/b/n on input line 106.
))
(C:\Program Files\MiKTeX\tex/latex/amsmath\amsmath.sty
Package: amsmath 2025/07/09 v2.17z AMS math features
\@mathmargin=\skip54

For additional information on amsmath, use the `?' option.
(C:\Program Files\MiKTeX\tex/latex/amsmath\amstext.sty
Package: amstext 2024/11/17 v2.01 AMS text

(C:\Program Files\MiKTeX\tex/latex/amsmath\amsgen.sty
File: amsgen.sty 1999/11/30 v2.0 generic functions
\@emptytoks=\toks24
\ex@=\dimen151
))
(C:\Program Files\MiKTeX\tex/latex/amsmath\amsbsy.sty
Package: amsbsy 1999/11/29 v1.2d Bold Symbols
\pmbraise@=\dimen152
)
(C:\Program Files\MiKTeX\tex/latex/amsmath\amsopn.sty
Package: amsopn 2022/04/08 v2.04 operator names
)
\inf@bad=\count280
LaTeX Info: Redefining \frac on input line 233.
\uproot@=\count281
\leftroot@=\count282
LaTeX Info: Redefining \overline on input line 398.
LaTeX Info: Redefining \colon on input line 409.
\classnum@=\count283
\DOTSCASE@=\count284
LaTeX Info: Redefining \ldots on input line 495.
LaTeX Info: Redefining \dots on input line 498.
LaTeX Info: Redefining \cdots on input line 619.
\Mathstrutbox@=\box53
\strutbox@=\box54
LaTeX Info: Redefining \big on input line 721.
LaTeX Info: Redefining \Big on input line 722.
LaTeX Info: Redefining \bigg on input line 723.
LaTeX Info: Redefining \Bigg on input line 724.
\big@size=\dimen153
LaTeX Font Info:    Redeclaring font encoding OML on input line 742.
LaTeX Font Info:    Redeclaring font encoding OMS on input line 743.
\macc@depth=\count285
LaTeX Info: Redefining \bmod on input line 904.
LaTeX Info: Redefining \pmod on input line 909.
LaTeX Info: Redefining \smash on input line 939.
LaTeX Info: Redefining \relbar on input line 969.
LaTeX Info: Redefining \Relbar on input line 970.
\c@MaxMatrixCols=\count286
\dotsspace@=\muskip17
\c@parentequation=\count287
\dspbrk@lvl=\count288
\tag@help=\toks25
\row@=\count289
\column@=\count290
\maxfields@=\count291
\andhelp@=\toks26
\eqnshift@=\dimen154
\alignsep@=\dimen155
\tagshift@=\dimen156
\tagwidth@=\dimen157
\totwidth@=\dimen158
\lineht@=\dimen159
\@envbody=\toks27
\multlinegap=\skip55
\multlinetaggap=\skip56
\mathdisplay@stack=\toks28
LaTeX Info: Redefining \[ on input line 2950.
LaTeX Info: Redefining \] on input line 2951.
)
(C:\Program Files\MiKTeX\tex/latex/geometry\geometry.sty
Package: geometry 2026/03/07 v6.0 Page Geometry

(C:\Program Files\MiKTeX\tex/latex/graphics\keyval.sty
Package: keyval 2022/05/29 v1.15 key=value parser (DPC)
\KV@toks@=\toks29
)
(C:\Program Files\MiKTeX\tex/generic/iftex\ifvtex.sty
Package: ifvtex 2019/10/25 v1.7 ifvtex legacy package. Use iftex instead.

(C:\Program Files\MiKTeX\tex/generic/iftex\iftex.sty
Package: iftex 2024/12/12 v1.0g TeX engine tests
))
\Gm@cnth=\count292
\Gm@cntv=\count293
\c@Gm@tempcnt=\count294
\Gm@bindingoffset=\dimen160
\Gm@wd@mp=\dimen161
\Gm@odd@mp=\dimen162
\Gm@even@mp=\dimen163
\Gm@layoutwidth=\dimen164
\Gm@layoutheight=\dimen165
\Gm@layouthoffset=\dimen166
\Gm@layoutvoffset=\dimen167
\Gm@dimlist=\toks30

(C:\Program Files\MiKTeX\tex/latex/geometry\geometry.cfg))
(C:\Program Files\MiKTeX\tex/latex/graphics\graphicx.sty
Package: graphicx 2024/12/31 v1.2e Enhanced LaTeX Graphics (DPC,SPQR)

(C:\Program Files\MiKTeX\tex/latex/graphics\graphics.sty
Package: graphics 2024/08/06 v1.4g Standard LaTeX Graphics (DPC,SPQR)

(C:\Program Files\MiKTeX\tex/latex/graphics\trig.sty
Package: trig 2023/12/02 v1.11 sin cos tan (DPC)
)
(C:\Program Files\MiKTeX\tex/latex/graphics-cfg\graphics.cfg
File: graphics.cfg 2016/06/04 v1.11 sample graphics configuration
)
Package graphics Info: Driver file: xetex.def on input line 106.

(C:\Program Files\MiKTeX\tex/latex/graphics-def\xetex.def
File: xetex.def 2025/11/01 v5.0p Graphics/color driver for xetex
))
\Gin@req@height=\dimen168
\Gin@req@width=\dimen169
)
(C:\Program Files\MiKTeX\tex/latex/framed\framed.sty
Package: framed 2011/10/22 v 0.96: framed or shaded text with page breaks
\OuterFrameSep=\skip57
\fb@frw=\dimen170
\fb@frh=\dimen171
\FrameRule=\dimen172
\FrameSep=\dimen173
)
(C:\Program Files\MiKTeX\tex/latex/fancyhdr\fancyhdr.sty
Package: fancyhdr 2025/02/07 v5.2 Extensive control of page headers and footers

\f@nch@headwidth=\skip58
\f@nch@offset@elh=\skip59
\f@nch@offset@erh=\skip60
\f@nch@offset@olh=\skip61
\f@nch@offset@orh=\skip62
\f@nch@offset@elf=\skip63
\f@nch@offset@erf=\skip64
\f@nch@offset@olf=\skip65
\f@nch@offset@orf=\skip66
\f@nch@height=\skip67
\f@nch@footalignment=\skip68
\f@nch@widthL=\skip69
\f@nch@widthC=\skip70
\f@nch@widthR=\skip71
\@temptokenb=\toks31
)
(C:\Program Files\MiKTeX\tex/latex/setspace\setspace.sty
Package: setspace 2022/12/04 v6.7b set line spacing
)
(C:\Program Files\MiKTeX\tex/latex/multirow\multirow.sty
Package: multirow 2024/11/12 v2.9 Span multiple rows of a table
\multirow@colwidth=\skip72
\multirow@cntb=\count295
\multirow@dima=\skip73
\bigstrutjot=\dimen174
)
(C:\Program Files\MiKTeX\tex/latex/float\float.sty
Package: float 2001/11/08 v1.3d Float enhancements (AL)
\c@float@type=\count296
\float@exts=\toks32
\float@box=\box55
\@float@everytoks=\toks33
\@floatcapt=\box56
)
(C:\Program Files\MiKTeX\tex/latex/subfigure\subfigure.sty
Package: subfigure 2002/07/30 v2.1.4 subfigure package
\subfigtopskip=\skip74
\subfigcapskip=\skip75
\subfigcaptopadj=\dimen175
\subfigbottomskip=\skip76
\subfigcapmargin=\dimen176
\subfiglabelskip=\skip77
\c@subfigure=\count297
\c@lofdepth=\count298
\c@subtable=\count299
\c@lotdepth=\count300

****************************************
* Local config file subfigure.cfg used *
****************************************
(C:\Program Files\MiKTeX\tex/latex/subfigure\subfigure.cfg)
\subfig@top=\skip78
\subfig@bottom=\skip79
)
(C:\Program Files\MiKTeX\tex/latex/booktabs\booktabs.sty
Package: booktabs 2020/01/12 v1.61803398 Publication quality tables
\heavyrulewidth=\dimen177
\lightrulewidth=\dimen178
\cmidrulewidth=\dimen179
\belowrulesep=\dimen180
\belowbottomsep=\dimen181
\aboverulesep=\dimen182
\abovetopsep=\dimen183
\cmidrulesep=\dimen184
\cmidrulekern=\dimen185
\defaultaddspace=\dimen186
\@cmidla=\count301
\@cmidlb=\count302
\@aboverulesep=\dimen187
\@belowrulesep=\dimen188
\@thisruleclass=\count303
\@lastruleclass=\count304
\@thisrulewidth=\dimen189
)
(C:\Program Files\MiKTeX\tex/latex/hyperref\hyperref.sty
Package: hyperref 2026-04-24 v7.01q Hypertext links for LaTeX

(C:\Program Files\MiKTeX\tex/latex/kvsetkeys\kvsetkeys.sty
Package: kvsetkeys 2022-10-05 v1.19 Key value parser (HO)
)
(C:\Program Files\MiKTeX\tex/generic/kvdefinekeys\kvdefinekeys.sty
Package: kvdefinekeys 2019-12-19 v1.6 Define keys (HO)
)
(C:\Program Files\MiKTeX\tex/generic/pdfescape\pdfescape.sty
Package: pdfescape 2019/12/09 v1.15 Implements pdfTeX's escape features (HO)

(C:\Program Files\MiKTeX\tex/generic/ltxcmds\ltxcmds.sty
Package: ltxcmds 2023-12-04 v1.26 LaTeX kernel commands for general use (HO)
)
(C:\Program Files\MiKTeX\tex/generic/pdftexcmds\pdftexcmds.sty
Package: pdftexcmds 2020-06-27 v0.33 Utility functions of pdfTeX for LuaTeX (HO
)

(C:\Program Files\MiKTeX\tex/generic/infwarerr\infwarerr.sty
Package: infwarerr 2019/12/03 v1.5 Providing info/warning/error messages (HO)
)
Package pdftexcmds Info: \pdf@primitive is available.
Package pdftexcmds Info: \pdf@ifprimitive is available.
Package pdftexcmds Info: \pdfdraftmode not found.
))
(C:\Program Files\MiKTeX\tex/latex/hycolor\hycolor.sty
Package: hycolor 2020-01-27 v1.10 Color options for hyperref/bookmark (HO)
)
(C:\Program Files\MiKTeX\tex/latex/hyperref\nameref.sty
Package: nameref 2026-01-29 v2.58 Cross-referencing by name of section

(C:\Program Files\MiKTeX\tex/latex/refcount\refcount.sty
Package: refcount 2019/12/15 v3.6 Data extraction from label references (HO)
)
(C:\Program Files\MiKTeX\tex/generic/gettitlestring\gettitlestring.sty
Package: gettitlestring 2019/12/15 v1.6 Cleanup title references (HO)

(C:\Program Files\MiKTeX\tex/latex/kvoptions\kvoptions.sty
Package: kvoptions 2022-06-15 v3.15 Key value format for package options (HO)
))
\c@section@level=\count305
)
(C:\Program Files\MiKTeX\tex/latex/etoolbox\etoolbox.sty
Package: etoolbox 2025/10/02 v2.5m e-TeX tools for LaTeX (JAW)
\etb@tempcnta=\count306
)
(C:\Program Files\MiKTeX\tex/generic/stringenc\stringenc.sty
Package: stringenc 2019/11/29 v1.12 Convert strings between diff. encodings (HO
)
)
\@linkdim=\dimen190
\Hy@linkcounter=\count307
\Hy@pagecounter=\count308

(C:\Program Files\MiKTeX\tex/latex/hyperref\pd1enc.def
File: pd1enc.def 2026-04-24 v7.01q Hyperref: PDFDocEncoding definition (HO)
)
(C:\Program Files\MiKTeX\tex/generic/intcalc\intcalc.sty
Package: intcalc 2019/12/15 v1.3 Expandable calculations with integers (HO)
)
\Hy@SavedSpaceFactor=\count309

(C:\Program Files\MiKTeX\tex/latex/hyperref\puenc.def
File: puenc.def 2026-04-24 v7.01q Hyperref: PDF Unicode definition (HO)
)
Package hyperref Info: Option `colorlinks' set `true' on input line 4070.
Package hyperref Info: Hyper figures OFF on input line 4199.
Package hyperref Info: Link nesting OFF on input line 4204.
Package hyperref Info: Hyper index ON on input line 4207.
Package hyperref Info: Plain pages OFF on input line 4214.
Package hyperref Info: Backreferencing OFF on input line 4219.
Package hyperref Info: Implicit mode ON; LaTeX internals redefined.
Package hyperref Info: Bookmarks ON on input line 4466.
\c@Hy@tempcnt=\count310

(C:\Program Files\MiKTeX\tex/latex/url\url.sty
\Urlmuskip=\muskip18
Package: url 2013/09/16  ver 3.4  Verb mode for urls, etc.
)
LaTeX Info: Redefining \url on input line 4805.
\XeTeXLinkMargin=\dimen191

(C:\Program Files\MiKTeX\tex/generic/bitset\bitset.sty
Package: bitset 2019/12/09 v1.3 Handle bit-vector datatype (HO)

(C:\Program Files\MiKTeX\tex/generic/bigintcalc\bigintcalc.sty
Package: bigintcalc 2019/12/15 v1.5 Expandable calculations on big integers (HO
)
))
\Fld@menulength=\count311
\Field@Width=\dimen192
\Fld@charsize=\dimen193
Package hyperref Info: Hyper figures OFF on input line 6091.
Package hyperref Info: Link nesting OFF on input line 6096.
Package hyperref Info: Hyper index ON on input line 6099.
Package hyperref Info: backreferencing OFF on input line 6106.
Package hyperref Info: Link coloring ON on input line 6109.
Package hyperref Info: Link coloring with OCG OFF on input line 6116.
Package hyperref Info: PDF/A mode OFF on input line 6121.
\Hy@abspage=\count312
\c@Item=\count313
\c@Hfootnote=\count314
)
Package hyperref Info: Driver (autodetected): hxetex.

(C:\Program Files\MiKTeX\tex/latex/hyperref\hxetex.def
File: hxetex.def 2026-04-24 v7.01q Hyperref driver for XeTeX
\pdfm@box=\box57
\c@Hy@AnnotLevel=\count315
\HyField@AnnotCount=\count316
\Fld@listcount=\count317
\c@bookmark@seq@number=\count318

(C:\Program Files\MiKTeX\tex/latex/rerunfilecheck\rerunfilecheck.sty
Package: rerunfilecheck 2025-06-21 v1.11 Rerun checks for auxiliary files (HO)

(C:\Program Files\MiKTeX\tex/generic/uniquecounter\uniquecounter.sty
Package: uniquecounter 2019/12/15 v1.4 Provide unlimited unique counter (HO)
)
Package uniquecounter Info: New unique counter `rerunfilecheck' on input line 2
84.
)
\Hy@SectionHShift=\skip80
)
(C:\Program Files\MiKTeX\tex/latex/xepersian\xepersian.sty
Package: xepersian 2026/01/01 v26.01.01 (Release Iran) Persian typesetting in X
eLaTeX

****************************************************
* 
* xepersian package (Persian for LaTeX format in XeTeX and LuaTeX engines)
* 
* Description: A convenient interface for typesetting Persian and
English documents with LaTeX format in XeTeX and LuaTeX engines.
* 
* Copyright (c) 2008--2026 Vafa Khalighi
* Copyright (c) 2018--2020 bidi-tex GitHub Organization
* 
* v26.01.01 (Release Iran), 2026/01/01
* 
* License: LaTeX Project Public License, version
* 1.3c or higher (your choice)
* 
* Location on CTAN: /macros/unicodetex/latex/xepersian
* 
* Issue tracker: https://github.com/xepersian/xepersian/issues
* 
* Primary author of xepersian package: Vafa Khalighi.
* 
****************************************************
(C:\Program Files\MiKTeX\tex/latex/fontspec\fontspec.sty
(C:\Program Files\MiKTeX\tex/latex/l3packages/xparse\xparse.sty
(C:\Program Files\MiKTeX\tex/latex/l3kernel\expl3.sty
Package: expl3 2026-04-28 L3 programming layer (loader) 

(C:\Program Files\MiKTeX\tex/latex/l3backend\l3backend-xetex.def
File: l3backend-xetex.def 2026-02-18 L3 backend support: XeTeX
\g__graphics_track_int=\count319
\g__pdfannot_backend_int=\count320
\g__pdfannot_backend_link_int=\count321
))
Package: xparse 2025-10-09 L3 Experimental document command parser
)
Package: fontspec 2025/09/29 v2.9g Font selection for XeLaTeX and LuaLaTeX

(C:\Program Files\MiKTeX\tex/latex/fontspec\fontspec-xetex.sty
Package: fontspec-xetex 2025/09/29 v2.9g Font selection for XeLaTeX and LuaLaTe
X
\l__fontspec_script_int=\count322
\l__fontspec_language_int=\count323
\l__fontspec_strnum_int=\count324
\l__fontspec_tmp_int=\count325
\l__fontspec_tmpa_int=\count326
\l__fontspec_tmpb_int=\count327
\l__fontspec_tmpc_int=\count328
\l__fontspec_em_int=\count329
\l__fontspec_emdef_int=\count330
\l__fontspec_strong_int=\count331
\l__fontspec_strongdef_int=\count332
\l__fontspec_tmpa_dim=\dimen194
\l__fontspec_tmpb_dim=\dimen195
\l__fontspec_tmpc_dim=\dimen196

(C:\Program Files\MiKTeX\tex/latex/base\fontenc.sty
Package: fontenc 2025/07/18 v2.1d Standard LaTeX package
)
(C:\Program Files\MiKTeX\tex/latex/fontspec\fontspec.cfg)))
(C:\Program Files\MiKTeX\tex/latex/xepersian\unicode-persiancal.sty
Package: unicode-persiancal 2025/01/01 v0.3 Unicode Persian calendar
\XePersian@i=\count333
\XePersian@y=\count334
\XePersian@m=\count335
\XePersian@d=\count336
\XePersian@latini=\count337
\XePersian@persiani=\count338
\XePersian@latinii=\count339
\XePersian@persianii=\count340
\XePersian@latiniii=\count341
\XePersian@persianiii=\count342
\XePersian@latiniv=\count343
\XePersian@persianiv=\count344
\XePersian@latinv=\count345
\XePersian@persianv=\count346
\XePersian@latinvi=\count347
\XePersian@persianvi=\count348
\XePersian@latinvii=\count349
\XePersian@persianvii=\count350
\XePersian@latinviii=\count351
\XePersian@persianviii=\count352
\XePersian@latinix=\count353
\XePersian@persianix=\count354
\XePersian@latinx=\count355
\XePersian@persianx=\count356
\XePersian@latinxi=\count357
\XePersian@persianxi=\count358
\XePersian@latinxii=\count359
\XePersian@persianxii=\count360
\XePersian@persianxiii=\count361
\XePersian@temp=\count362
\XePersian@temptwo=\count363
\XePersian@tempthree=\count364
\XePersian@yModHundred=\count365
\XePersian@thirtytwo=\count366
\XePersian@dn=\count367
\XePersian@sn=\count368
\XePersian@mminusone=\count369
)
(C:\Program Files\MiKTeX\tex/latex/xepersian\unicode-persianmath.sty
Package: unicode-persianmath 2026/01/01 v1.2.6 Unicode Persian math
)
(C:\Program Files\MiKTeX\tex/latex/bidi\bidi.sty
Package: bidi 2026/01/08 v26.01.08 (Release Iran) Bidirectional typesetting in 
plain TeX and LaTeX

****************************************************
* 
* bidi package (Bidirectional typesetting with
* plain TeX and LaTeX formats in XeTeX and LuaTeX engines)
* 
* Description: A convenient interface for
* typesetting bidirectional texts in plain TeX
* and LaTeX. The package includes adaptations
* for use with many other commonly-used packages.
* 
* Copyright (c) 2007--2026 Vafa Khalighi
* Copyright (c) 2018--2020 bidi-tex GitHub organization
* 
* v26.01.08 (Release Iran), 2026/01/08
* 
* License: LaTeX Project Public License, version
* 1.3c or higher (your choice)
* 
* Location on CTAN: /macros/unicodetex/generic/bidi
* 
* Issue tracker: https://github.com/xepersian/bidi/issues
* 
* Primary author of bidi package: Vafa Khalighi.
* 
****************************************************
(C:\Program Files\MiKTeX\tex/latex/bidi\biditools.sty
Package: biditools 2025/12/19 v2.9 Programming tools for bidi package
\@bidi@envbody=\toks34
\@bidi@emptytoks=\toks35
\bidi@poscount=\count370
\bidi@tempcountb=\count371
\bidi@temptoksa=\toks36
\bidi@temptoksb=\toks37
\bidi@dummies=\count372
\bidi@are@these@correct=\toks38
\bidi@toks@lista=\toks39
\bidi@toks@listb=\toks40
\bidi@stack@length=\count373
\bidi@empty@stack=\toks41
\bidi@looprepeat@depth=\count374
)
(C:\Program Files\MiKTeX\tex/latex/zref\zref-abspage.sty
Package: zref-abspage 2026-03-07 v2.37 Module abspage for zref (HO)

(C:\Program Files\MiKTeX\tex/latex/zref\zref-base.sty
Package: zref-base 2026-03-07 v2.37 Module base for zref (HO)

(C:\Program Files\MiKTeX\tex/generic/etexcmds\etexcmds.sty
Package: etexcmds 2019/12/15 v1.7 Avoid name clashes with e-TeX commands (HO)
)
(C:\Program Files\MiKTeX\tex/latex/auxhook\auxhook.sty
Package: auxhook 2019-12-17 v1.6 Hooks for auxiliary files (HO)
)
Package zref Info: New property list: main on input line 767.
Package zref Info: New property: default on input line 768.
Package zref Info: New property: page on input line 769.
)
\c@abspage=\count375
Package zref Info: New property: abspage on input line 67.
)
\@bidi@copyins@=\insert252
\bidi@typesethour=\count376
\bidi@typesetminute=\count377

(C:\Program Files\MiKTeX\tex/latex/bidi\latex-xetex-bidi.def
File: latex-xetex-bidi.def 2025/12/19 v1.5.6 bidi adaptations for `latex.ltx' f
or XeTeX engine
\bidi@n@everypar=\toks42
LaTeX Info: Redefining \centerline on input line 317.
LaTeX Info: Redefining \leftline on input line 326.
LaTeX Info: Redefining \rightline on input line 327.
LaTeX Info: Redefining \underline on input line 335.
\bidi@column@check@number=\count378

(C:\Program Files\MiKTeX\tex/latex/bidi\footnote-xetex-bidi.def
File: footnote-xetex-bidi.def 2025/09/30 v1.6 bidi footnote macros for XeTeX en
gine
\c@footdir@label=\count379
\footdir@toks=\toks43
)
(C:\Program Files\MiKTeX\tex/latex/bidi\article-xetex-bidi.def
File: article-xetex-bidi.def 2025/09/30 v1.2 bidi adaptations for standard arti
cle class for XeTeX engine
)
(C:\Program Files\MiKTeX\tex/latex/bidi\amsmath-xetex-bidi.def
File: amsmath-xetex-bidi.def 2020/05/16 v1.2 bidi adaptations for amsmath packa
ge for XeTeX engine
)
(C:\Program Files\MiKTeX\tex/latex/bidi\amstext-xetex-bidi.def
File: amstext-xetex-bidi.def 2016/09/12 v0.2 bidi adaptations for amstext packa
ge for XeTeX engine
)
(C:\Program Files\MiKTeX\tex/latex/bidi\amsthm-xetex-bidi.def
File: amsthm-xetex-bidi.def 2010/07/25 v0.1 bidi adaptations for amsthm package
 for XeTeX engine
)
(C:\Program Files\MiKTeX\tex/latex/bidi\fancyhdr-xetex-bidi.def
File: fancyhdr-xetex-bidi.def 2025/09/03 v1.0 bidi adaptations for fancyhdr pac
kage for XeTeX engine
)
(C:\Program Files\MiKTeX\tex/latex/bidi\float-xetex-bidi.def
File: float-xetex-bidi.def 2013/04/04 v0.2 bidi adaptations for float package f
or XeTeX engine
)
(C:\Program Files\MiKTeX\tex/latex/bidi\framed-xetex-bidi.def
File: framed-xetex-bidi.def 2012/06/05 v0.3 bidi adaptations for framed package
 for XeTeX engine
)
(C:\Program Files\MiKTeX\tex/latex/bidi\geometry-xetex-bidi.def
File: geometry-xetex-bidi.def 2017/01/14 v0.2 bidi adaptations for geometry pac
kage for XeTeX engine
)
(C:\Program Files\MiKTeX\tex/latex/bidi\graphicx-xetex-bidi.def
File: graphicx-xetex-bidi.def 2017/06/17 v0.5 bidi adaptations for graphicx pac
kage for XeTeX engine
)
(C:\Program Files\MiKTeX\tex/latex/bidi\hyperref-xetex-bidi.def
File: hyperref-xetex-bidi.def 2025/12/06 v1.5 bidi adaptations for hyperref pac
kage for XeTeX engine
)
(C:\Program Files\MiKTeX\tex/latex/bidi\subfigure-xetex-bidi.def
File: subfigure-xetex-bidi.def 2010/03/01 v0.1 bidi adaptations for subfigure p
ackage for XeTeX engine
))
\bidi@digits=\count380
\bidi@digits@charclass=\XeTeXcharclass1
\bidi@sepmark@charclass=\XeTeXcharclass2
)
\xepersian@tcl=\count381
\xepersian@ilg=\dimen197
\xepersian@strutilg=\dimen198

(C:\Program Files\MiKTeX\tex/latex/xepersian\footnote-xetex-bidi-xetex-xepersia
n.def
File: footnote-xetex-bidi-xetex-xepersian.def 2017/08/09 v0.6 xepersian adaptat
ions for footnotes for XeTeX engine
) (C:\Program Files\MiKTeX\tex/latex/xepersian\article-xetex-xepersian.def
File: article-xetex-xepersian.def 2010/07/25 v0.2 xepersian adaptations for sta
ndard article class for XeTeX engine
) (C:\Program Files\MiKTeX\tex/latex/xepersian\framed-xetex-xepersian.def
File: framed-xetex-xepersian.def 2012/06/05 v0.1 xepersian adaptations for fram
ed package for XeTeX engine
)
(C:\Program Files\MiKTeX\tex/latex/xepersian\hyperref-xetex-xepersian.def
File: hyperref-xetex-xepersian.def 2022/10/30 v0.8 xepersian adaptations for hy
perref package for XeTeX engine
)
(C:\Program Files\MiKTeX\tex/latex/xepersian\url-xetex-xepersian.def
File: url-xetex-xepersian.def 2025/09/03 v0.2 xepersian adaptations for url pac
kage for XeTeX engine
)
\xepersian@toks=\toks44
)

Package fontspec Info: 
(fontspec)             Font family 'lmroman10-regular(0)' created for font
(fontspec)             'lmroman10-regular' with options
(fontspec)             [Ligatures=TeX,Path,BoldFont={lmroman10-bold},BoldItalic
Font={lmroman10-bolditalic},ItalicFont={lmroman10-italic},SmallCapsFont={lmroma
ncaps10-regular},SlantedFont={lmromanslant10-regular},BoldSlantedFont={lmromans
lant10-bold}].
(fontspec)              
(fontspec)              This font family consists of the following NFSS
(fontspec)             series/shapes:
(fontspec)              
(fontspec)             - 'normal' (m/n) with NFSS spec.:
(fontspec)             <->"[lmroman10-regular]/OT:script=latn;language=dflt;map
ping=tex-text;"
(fontspec)             - 'small caps'  (m/sc) with NFSS spec.:
(fontspec)             <->"[lmromancaps10-regular]/OT:script=latn;language=dflt
;mapping=tex-text;"
(fontspec)             - 'bold' (b/n) with NFSS spec.:
(fontspec)             <->"[lmroman10-bold]/OT:script=latn;language=dflt;mappin
g=tex-text;"
(fontspec)             - 'bold small caps'  (b/sc) with NFSS spec.:
(fontspec)             <->"[lmromancaps10-regular]/OT:script=latn;language=dflt
;mapping=tex-text;"
(fontspec)             - 'italic' (m/it) with NFSS spec.:
(fontspec)             <->"[lmroman10-italic]/OT:script=latn;language=dflt;mapp
ing=tex-text;"
(fontspec)             - 'italic small caps'  (m/scit) with NFSS spec.:
(fontspec)             <->"[lmromancaps10-regular]/OT:script=latn;language=dflt
;mapping=tex-text;"
(fontspec)             - 'slanted' (m/sl) with NFSS spec.:
(fontspec)             <->"[lmromanslant10-regular]/OT:script=latn;language=dfl
t;mapping=tex-text;"
(fontspec)             - 'slanted small caps'  (m/scsl) with NFSS spec.:
(fontspec)             <->"[lmromancaps10-regular]/OT:script=latn;language=dflt
;mapping=tex-text;"
(fontspec)             - 'bold italic' (b/it) with NFSS spec.:
(fontspec)             <->"[lmroman10-bolditalic]/OT:script=latn;language=dflt;
mapping=tex-text;"
(fontspec)             - 'bold italic small caps'  (b/scit) with NFSS spec.:
(fontspec)             <->"[lmromancaps10-regular]/OT:script=latn;language=dflt
;mapping=tex-text;"
(fontspec)             - 'bold slanted' (b/sl) with NFSS spec.:
(fontspec)             <->"[lmromanslant10-bold]/OT:script=latn;language=dflt;m
apping=tex-text;"
(fontspec)             - 'bold slanted small caps'  (b/scsl) with NFSS spec.:
(fontspec)             <->"[lmromancaps10-regular]/OT:script=latn;language=dflt
;mapping=tex-text;"


Package fontspec Info: 
(fontspec)             XB Niloofar scale = 1.1.


Package fontspec Info: 
(fontspec)             XB Niloofar scale = 1.1.


Package fontspec Info: 
(fontspec)             XB NiloofarBd scale = 1.1.


Package fontspec Info: 
(fontspec)             XB NiloofarIt scale = 1.1.


Package fontspec Info: 
(fontspec)             XB NiloofarBdIt scale = 1.1.


Package fontspec Info: 
(fontspec)             Font family 'XBNiloofar(0)' created for font 'XB
(fontspec)             Niloofar' with options
(fontspec)             [RawFeature={script=arab},Ligatures=PersianTeX,Path=font
/,Extension=.ttf,Scale=1.1,BoldFont=XB
(fontspec)             NiloofarBd,ItalicFont=XB NiloofarIt,BoldItalicFont=XB
(fontspec)             NiloofarBdIt].
(fontspec)              
(fontspec)              This font family consists of the following NFSS
(fontspec)             series/shapes:
(fontspec)              
(fontspec)             - 'normal' (m/n) with NFSS spec.: <->s*[1.1]"[font/XB
(fontspec)             Niloofar.ttf]/OT:script=latn;language=dflt;script=arab;m
apping=persian-tex-text;"
(fontspec)             - 'bold' (b/n) with NFSS spec.: <->s*[1.1]"[font/XB
(fontspec)             NiloofarBd.ttf]/OT:script=latn;language=dflt;script=arab
;mapping=persian-tex-text;"
(fontspec)             - 'italic' (m/it) with NFSS spec.: <->s*[1.1]"[font/XB
(fontspec)             NiloofarIt.ttf]/OT:script=latn;language=dflt;script=arab
;mapping=persian-tex-text;"
(fontspec)             - 'bold italic' (b/it) with NFSS spec.:
(fontspec)             <->s*[1.1]"[font/XB
(fontspec)             NiloofarBdIt.ttf]/OT:script=latn;language=dflt;script=ar
ab;mapping=persian-tex-text;"

LaTeX Font Info:    Font shape `TU/XBNiloofar(0)/m/n' will be
(Font)              scaled to size 13.20007pt on input line 25.

Package fontspec Info: 
(fontspec)             Times New Roman scale = 0.9.


Package fontspec Info: 
(fontspec)             Times New Roman scale = 0.9.


Package fontspec Info: 
(fontspec)             Times New Roman scale = 0.9.


Package fontspec Info: 
(fontspec)             Times New Roman/B scale = 0.9.


Package fontspec Info: 
(fontspec)             Times New Roman/B scale = 0.9.


Package fontspec Info: 
(fontspec)             Times New Roman/I scale = 0.9.


Package fontspec Info: 
(fontspec)             Times New Roman/I scale = 0.9.


Package fontspec Info: 
(fontspec)             Times New Roman/BI scale = 0.9.


Package fontspec Info: 
(fontspec)             Times New Roman/BI scale = 0.9.


Package fontspec Info: 
(fontspec)             Font family 'TimesNewRoman(0)' created for font 'Times
(fontspec)             New Roman' with options [Ligatures=TeX,Scale=0.9].
(fontspec)              
(fontspec)              This font family consists of the following NFSS
(fontspec)             series/shapes:
(fontspec)              
(fontspec)             - 'normal' (m/n) with NFSS spec.: <->s*[0.9]"Times New
(fontspec)             Roman/OT:script=latn;language=dflt;mapping=tex-text;"
(fontspec)             - 'small caps'  (m/sc) with NFSS spec.:
(fontspec)             <->s*[0.9]"Times New
(fontspec)             Roman/OT:script=latn;language=dflt;+smcp;mapping=tex-tex
t;"
(fontspec)             - 'bold' (b/n) with NFSS spec.: <->s*[0.9]"Times New
(fontspec)             Roman/B/OT:script=latn;language=dflt;mapping=tex-text;"
(fontspec)             - 'bold small caps'  (b/sc) with NFSS spec.:
(fontspec)             <->s*[0.9]"Times New
(fontspec)             Roman/B/OT:script=latn;language=dflt;+smcp;mapping=tex-t
ext;"
(fontspec)             - 'italic' (m/it) with NFSS spec.: <->s*[0.9]"Times New
(fontspec)             Roman/I/OT:script=latn;language=dflt;mapping=tex-text;"
(fontspec)             - 'italic small caps'  (m/scit) with NFSS spec.:
(fontspec)             <->s*[0.9]"Times New
(fontspec)             Roman/I/OT:script=latn;language=dflt;+smcp;mapping=tex-t
ext;"
(fontspec)             - 'bold italic' (b/it) with NFSS spec.:
(fontspec)             <->s*[0.9]"Times New
(fontspec)             Roman/BI/OT:script=latn;language=dflt;mapping=tex-text;"

(fontspec)             - 'bold italic small caps'  (b/scit) with NFSS spec.:
(fontspec)             <->s*[0.9]"Times New
(fontspec)             Roman/BI/OT:script=latn;language=dflt;+smcp;mapping=tex-
text;"

LaTeX Info: Redefining \latinfont on input line 26.

Package fontspec Info: 
(fontspec)             XB Niloofar scale = 1.1.


Package fontspec Info: 
(fontspec)             XB Niloofar scale = 1.1.


Package fontspec Info: 
(fontspec)             XB NiloofarBd scale = 1.1.


Package fontspec Info: 
(fontspec)             XB NiloofarIt scale = 1.1.


Package fontspec Info: 
(fontspec)             XB NiloofarBdIt scale = 1.1.


Package fontspec Info: 
(fontspec)             Font family 'XBNiloofar(1)' created for font 'XB
(fontspec)             Niloofar' with options
(fontspec)             [Ligatures=PersianTeX,Path=font/,Extension=.ttf,Scale=1.
1,BoldFont=XB
(fontspec)             NiloofarBd,ItalicFont=XB NiloofarIt,BoldItalicFont=XB
(fontspec)             NiloofarBdIt].
(fontspec)              
(fontspec)              This font family consists of the following NFSS
(fontspec)             series/shapes:
(fontspec)              
(fontspec)             - 'normal' (m/n) with NFSS spec.: <->s*[1.1]"[font/XB
(fontspec)             Niloofar.ttf]/OT:script=latn;language=dflt;mapping=persi
an-tex-text;"
(fontspec)             - 'bold' (b/n) with NFSS spec.: <->s*[1.1]"[font/XB
(fontspec)             NiloofarBd.ttf]/OT:script=latn;language=dflt;mapping=per
sian-tex-text;"
(fontspec)             - 'italic' (m/it) with NFSS spec.: <->s*[1.1]"[font/XB
(fontspec)             NiloofarIt.ttf]/OT:script=latn;language=dflt;mapping=per
sian-tex-text;"
(fontspec)             - 'bold italic' (b/it) with NFSS spec.:
(fontspec)             <->s*[1.1]"[font/XB
(fontspec)             NiloofarBdIt.ttf]/OT:script=latn;language=dflt;mapping=p
ersian-tex-text;"


Package fontspec Info: 
(fontspec)             XB Niloofar scale = 1.1.


Package fontspec Info: 
(fontspec)             XB Niloofar scale = 1.1.


Package fontspec Info: 
(fontspec)             XB NiloofarBd scale = 1.1.


Package fontspec Info: 
(fontspec)             XB NiloofarIt scale = 1.1.


Package fontspec Info: 
(fontspec)             XB NiloofarBdIt scale = 1.1.


Package fontspec Info: 
(fontspec)             Font family 'XBNiloofar(2)' created for font 'XB
(fontspec)             Niloofar' with options
(fontspec)             [Path=font/,Extension=.ttf,Scale=1.1,BoldFont=XB
(fontspec)             NiloofarBd,ItalicFont=XB NiloofarIt,BoldItalicFont=XB
(fontspec)             NiloofarBdIt].
(fontspec)              
(fontspec)              This font family consists of the following NFSS
(fontspec)             series/shapes:
(fontspec)              
(fontspec)             - 'normal' (m/n) with NFSS spec.: <->s*[1.1]"[font/XB
(fontspec)             Niloofar.ttf]/OT:script=latn;language=dflt;"
(fontspec)             - 'bold' (b/n) with NFSS spec.: <->s*[1.1]"[font/XB
(fontspec)             NiloofarBd.ttf]/OT:script=latn;language=dflt;"
(fontspec)             - 'italic' (m/it) with NFSS spec.: <->s*[1.1]"[font/XB
(fontspec)             NiloofarIt.ttf]/OT:script=latn;language=dflt;"
(fontspec)             - 'bold italic' (b/it) with NFSS spec.:
(fontspec)             <->s*[1.1]"[font/XB
(fontspec)             NiloofarBdIt.ttf]/OT:script=latn;language=dflt;"

Package unicode-persianmath Info: DefiningthedefaultPersianmathdigitsfontas'XB 
Niloofar' on input line 31.
\sympersianoperators=\mathgroup6
\sympersianoperatorsbf=\mathgroup7
\sympersianoperatorsit=\mathgroup8

(C:\Program Files\MiKTeX\tex/latex/bidi\float-xetex-bidi.def
File: float-xetex-bidi.def 2013/04/04 v0.2 bidi adaptations for float package f
or XeTeX engine
)

LaTeX Warning: Unused global option(s):
    [openany].

(dartsim_detailed_guide_v2_fa.aux)
\openout1 = `dartsim_detailed_guide_v2_fa.aux'.

LaTeX Font Info:    Checking defaults for OML/cmm/m/it on input line 36.
LaTeX Font Info:    ... okay on input line 36.
LaTeX Font Info:    Checking defaults for OMS/cmsy/m/n on input line 36.
LaTeX Font Info:    ... okay on input line 36.
LaTeX Font Info:    Checking defaults for OT1/cmr/m/n on input line 36.
LaTeX Font Info:    ... okay on input line 36.
LaTeX Font Info:    Checking defaults for T1/cmr/m/n on input line 36.
LaTeX Font Info:    ... okay on input line 36.
LaTeX Font Info:    Checking defaults for TS1/cmr/m/n on input line 36.
LaTeX Font Info:    ... okay on input line 36.
LaTeX Font Info:    Checking defaults for TU/lmr/m/n on input line 36.
LaTeX Font Info:    ... okay on input line 36.
LaTeX Font Info:    Checking defaults for OMX/cmex/m/n on input line 36.
LaTeX Font Info:    ... okay on input line 36.
LaTeX Font Info:    Checking defaults for U/cmr/m/n on input line 36.
LaTeX Font Info:    ... okay on input line 36.
LaTeX Font Info:    Checking defaults for PD1/pdf/m/n on input line 36.
LaTeX Font Info:    ... okay on input line 36.
LaTeX Font Info:    Checking defaults for PU/pdf/m/n on input line 36.
LaTeX Font Info:    ... okay on input line 36.

*geometry* driver: auto-detecting
*geometry* detected driver: xetex
*geometry* verbose mode - [ preamble ] result:
* driver: xetex
* paper: a4paper
* layout: <same size as paper>
* layoutoffset:(h,v)=(0.0pt,0.0pt)
* modes: 
* h-part:(L,W,R)=(71.13188pt, 441.01773pt, 85.35826pt)
* v-part:(T,H,B)=(85.35826pt, 688.5567pt, 71.13188pt)
* \paperwidth=597.50787pt
* \paperheight=845.04684pt
* \textwidth=441.01773pt
* \textheight=688.5567pt
* \oddsidemargin=-1.1381pt
* \evensidemargin=-1.1381pt
* \topmargin=-23.91173pt
* \headheight=12.0pt
* \headsep=25.0pt
* \topskip=12.0pt
* \footskip=30.0pt
* \marginparwidth=35.0pt
* \marginparsep=10.0pt
* \columnsep=10.0pt
* \skip\footins=10.8pt plus 4.0pt minus 2.0pt
* \hoffset=0.0pt
* \voffset=0.0pt
* \mag=1000
* \@twocolumnfalse
* \@twosidefalse
* \@mparswitchfalse
* \@reversemarginfalse
* (1in=72.27pt=25.4mm, 1cm=28.453pt)

(C:\Program Files\MiKTeX\tex/latex/graphics\color.sty
Package: color 2025/01/14 v1.3e Standard LaTeX Color (DPC)

(C:\Program Files\MiKTeX\tex/latex/graphics-cfg\color.cfg
File: color.cfg 2016/01/02 v1.6 sample color configuration
)
Package color Info: Driver file: xetex.def on input line 149.

(C:\Program Files\MiKTeX\tex/latex/graphics\mathcolor.ltx))
(C:\Program Files\MiKTeX\tex/latex/bidi\color-xetex-bidi.def
File: color-xetex-bidi.def 2013/04/08 v0.2 bidi adaptations for color package f
or XeTeX engine
LaTeX Info: Redefining \color on input line 50.
)
Package hyperref Info: Link coloring ON on input line 36.

(dartsim_detailed_guide_v2_fa.out) (dartsim_detailed_guide_v2_fa.out)
\@outlinefile=\write3
\openout3 = `dartsim_detailed_guide_v2_fa.out'.

LaTeX Font Info:    Font shape `TU/XBNiloofar(0)/m/n' will be
(Font)              scaled to size 27.36815pt on input line 42.
LaTeX Font Info:    Font shape `TU/XBNiloofar(0)/b/n' will be
(Font)              scaled to size 27.36815pt on input line 42.
LaTeX Font Info:    Font shape `TU/TimesNewRoman(0)/b/n' will be
(Font)              scaled to size 22.39185pt on input line 42.
LaTeX Font Info:    Font shape `TU/XBNiloofar(1)/m/n' will be
(Font)              scaled to size 13.20007pt on input line 45.
 [1

]
LaTeX Font Info:    Font shape `TU/XBNiloofar(0)/m/n' will be
(Font)              scaled to size 19.0081pt on input line 46.
LaTeX Font Info:    Font shape `TU/XBNiloofar(0)/b/n' will be
(Font)              scaled to size 19.0081pt on input line 46.

(dartsim_detailed_guide_v2_fa.toc
LaTeX Font Info:    Font shape `TU/XBNiloofar(0)/b/n' will be
(Font)              scaled to size 13.20007pt on input line 1.
LaTeX Font Info:    Font shape `TU/XBNiloofar(1)/b/n' will be
(Font)              scaled to size 13.20007pt on input line 1.
LaTeX Font Info:    Font shape `TU/TimesNewRoman(0)/m/n' will be
(Font)              scaled to size 10.79993pt on input line 3.
LaTeX Font Info:    Trying to load font information for U+msa on input line 3.

(C:\Program Files\MiKTeX\tex/latex/amsfonts\umsa.fd
File: umsa.fd 2013/01/14 v3.01 AMS symbols A
)
LaTeX Font Info:    Trying to load font information for U+msb on input line 3.

(C:\Program Files\MiKTeX\tex/latex/amsfonts\umsb.fd
File: umsb.fd 2013/01/14 v3.01 AMS symbols B
)
LaTeX Font Info:    Font shape `TU/XBNiloofar(2)/m/n' will be
(Font)              scaled to size 13.20007pt on input line 3.
LaTeX Font Info:    Font shape `TU/XBNiloofar(2)/m/n' will be
(Font)              scaled to size 8.80005pt on input line 3.
LaTeX Font Info:    Font shape `TU/XBNiloofar(2)/m/n' will be
(Font)              scaled to size 6.60004pt on input line 3.
LaTeX Font Info:    Font shape `TU/XBNiloofar(2)/bx/n' in size <12> not availab
le
(Font)              Font shape `TU/XBNiloofar(2)/b/n' tried instead on input li
ne 3.
LaTeX Font Info:    Font shape `TU/XBNiloofar(2)/b/n' will be
(Font)              scaled to size 13.20007pt on input line 3.
LaTeX Font Info:    Font shape `TU/XBNiloofar(2)/bx/n' in size <8> not availabl
e
(Font)              Font shape `TU/XBNiloofar(2)/b/n' tried instead on input li
ne 3.
LaTeX Font Info:    Font shape `TU/XBNiloofar(2)/b/n' will be
(Font)              scaled to size 8.80005pt on input line 3.
LaTeX Font Info:    Font shape `TU/XBNiloofar(2)/bx/n' in size <6> not availabl
e
(Font)              Font shape `TU/XBNiloofar(2)/b/n' tried instead on input li
ne 3.
LaTeX Font Info:    Font shape `TU/XBNiloofar(2)/b/n' will be
(Font)              scaled to size 6.60004pt on input line 3.
LaTeX Font Info:    Font shape `TU/XBNiloofar(2)/m/it' will be
(Font)              scaled to size 13.20007pt on input line 3.
LaTeX Font Info:    Font shape `TU/XBNiloofar(2)/m/it' will be
(Font)              scaled to size 8.80005pt on input line 3.
LaTeX Font Info:    Font shape `TU/XBNiloofar(2)/m/it' will be
(Font)              scaled to size 6.60004pt on input line 3.
LaTeX Font Info:    Font shape `TU/TimesNewRoman(0)/b/n' will be
(Font)              scaled to size 10.79993pt on input line 5.
 [2])
\tf@toc=\write4
\openout4 = `dartsim_detailed_guide_v2_fa.toc'.

 [3]
LaTeX Font Info:    Font shape `TU/XBNiloofar(1)/b/n' will be
(Font)              scaled to size 19.0081pt on input line 49.

Overfull \hbox (4.44255pt too wide) in paragraph at lines 50--51
[]\TU/XBNiloofar(0)/m/n/12 شبیه‌ساز مأموریت تاکتیکی پهپادها []\TU/TimesNewRoman
(0)/m/n/12 (DARTSim)[] \TU/XBNiloofar(0)/m/n/12 [[]] یک بستر شبیه‌سازی جامع برا
ی ارزیابی تصمیم‌گیری[]
 []

File: figures/dartsim_system_diagram.png Graphic file (type bmp)
<figures/dartsim_system_diagram.png>
[4]
LaTeX Font Info:    Font shape `TU/XBNiloofar(0)/m/n' will be
(Font)              scaled to size 15.84007pt on input line 67.
LaTeX Font Info:    Font shape `TU/XBNiloofar(0)/b/n' will be
(Font)              scaled to size 15.84007pt on input line 67.
LaTeX Font Info:    Font shape `TU/XBNiloofar(1)/b/n' will be
(Font)              scaled to size 15.84007pt on input line 67.
LaTeX Font Info:    Font shape `TU/TimesNewRoman(0)/b/n' will be
(Font)              scaled to size 12.9599pt on input line 67.
 [5]
LaTeX Font Info:    Font shape `TU/TimesNewRoman(0)/b/n' will be
(Font)              scaled to size 15.55188pt on input line 125.

Overfull \hbox (0.70723pt too wide) in paragraph at lines 125--125
[][]\TU/XBNiloofar(0)/b/n/17.28 معماری و فرمول‌بندی مسئله به عنوان فرآیند تصمیم
‌گیری مارکوف[]
 []

[6]
LaTeX Font Info:    Font shape `TU/XBNiloofar(2)/m/n' will be
(Font)              scaled to size 15.84007pt on input line 128.
LaTeX Font Info:    Font shape `TU/XBNiloofar(2)/m/n' will be
(Font)              scaled to size 11.00006pt on input line 128.
LaTeX Font Info:    Font shape `TU/XBNiloofar(2)/m/n' will be
(Font)              scaled to size 7.70004pt on input line 128.
LaTeX Font Info:    Font shape `TU/XBNiloofar(2)/bx/n' in size <14.4> not avail
able
(Font)              Font shape `TU/XBNiloofar(2)/b/n' tried instead on input li
ne 128.
LaTeX Font Info:    Font shape `TU/XBNiloofar(2)/b/n' will be
(Font)              scaled to size 15.84007pt on input line 128.
LaTeX Font Info:    Font shape `TU/XBNiloofar(2)/bx/n' in size <10> not availab
le
(Font)              Font shape `TU/XBNiloofar(2)/b/n' tried instead on input li
ne 128.
LaTeX Font Info:    Font shape `TU/XBNiloofar(2)/b/n' will be
(Font)              scaled to size 11.00006pt on input line 128.
LaTeX Font Info:    Font shape `TU/XBNiloofar(2)/bx/n' in size <7> not availabl
e
(Font)              Font shape `TU/XBNiloofar(2)/b/n' tried instead on input li
ne 128.
LaTeX Font Info:    Font shape `TU/XBNiloofar(2)/b/n' will be
(Font)              scaled to size 7.70004pt on input line 128.
LaTeX Font Info:    Font shape `TU/XBNiloofar(2)/m/it' will be
(Font)              scaled to size 15.84007pt on input line 128.
LaTeX Font Info:    Font shape `TU/XBNiloofar(2)/m/it' will be
(Font)              scaled to size 11.00006pt on input line 128.
LaTeX Font Info:    Font shape `TU/XBNiloofar(2)/m/it' will be
(Font)              scaled to size 7.70004pt on input line 128.


Package hyperref Warning: Token not allowed in a PDF string (Unicode):
(hyperref)                removing `math shift' on input line 128.


Package hyperref Warning: Token not allowed in a PDF string (Unicode):
(hyperref)                removing `math shift' on input line 128.


Package hyperref Warning: Token not allowed in a PDF string (Unicode):
(hyperref)                removing `math shift' on input line 132.


Package hyperref Warning: Token not allowed in a PDF string (Unicode):
(hyperref)                removing `math shift' on input line 132.


Package hyperref Warning: Token not allowed in a PDF string (Unicode):
(hyperref)                removing `math shift' on input line 136.


Package hyperref Warning: Token not allowed in a PDF string (Unicode):
(hyperref)                removing `math shift' on input line 136.

LaTeX Font Info:    Font shape `TU/XBNiloofar(0)/m/n' will be
(Font)              scaled to size 8.80005pt on input line 137.
LaTeX Font Info:    Font shape `TU/XBNiloofar(0)/m/n' will be
(Font)              scaled to size 6.60004pt on input line 137.
[7] [8] [9]
Overfull \hbox (30.9937pt too wide) in paragraph at lines 188--189
[]\TU/XBNiloofar(0)/m/n/12 تعیین شده‌اند. در وهله نخست، برای نرخ یادگیری []\TU/
TimesNewRoman(0)/m/n/12 (Learning Rate)[]\TU/XBNiloofar(0)/m/n/12 ، مقادیر [][]

 []

[10]
Overfull \hbox (24.82538pt too wide) in paragraph at lines 215--216
[][]\TU/XBNiloofar(0)/b/n/12 توزیع تصادفی‌بودن (خروجی‌های مختلف به ازای زوج حال
ت-اقدام): \TU/XBNiloofar(0)/m/n/12 این نمودار تعداد خروجی‌های[]
 []

[11]
File: figures/dartsim_uncertainty_overview.png Graphic file (type bmp)
<figures/dartsim_uncertainty_overview.png>
 [12]
File: figures/dartsim_sensor_uncertainty.png Graphic file (type bmp)
<figures/dartsim_sensor_uncertainty.png>
 [13

]
Underfull \hbox (badness 10000) in paragraph at lines 266--266
[][]\TU/XBNiloofar(0)/m/n/12 پوشش اقدام []\TU/TimesNewRoman(0)/m/n/12 (Action[]
[]
 []


Underfull \hbox (badness 10000) in paragraph at lines 266--266
[][]\TU/XBNiloofar(0)/m/n/12 سیاست رفتار []\TU/TimesNewRoman(0)/m/n/12 (Behavio
r[][]
 []


Underfull \hbox (badness 1728) in paragraph at lines 266--266
[]\TU/XBNiloofar(0)/m/n/12 توسط سیاست رفتاری است؛ سیاست محتاطانه[]
 []


Underfull \hbox (badness 10000) in paragraph at lines 266--266
[][]\TU/XBNiloofar(0)/m/n/12 بقا و پایان زودرس[]
 []


Underfull \hbox (badness 10000) in paragraph at lines 266--266
[][]\TU/XBNiloofar(0)/m/n/12 گسسته‌سازی حالت []\TU/TimesNewRoman(0)/m/n/12 (Sta
te[][]
 []


Underfull \hbox (badness 10000) in paragraph at lines 266--266
[][]\TU/XBNiloofar(0)/m/n/12 افزایش تصنعی تصادفی‌بودن[]
 []

[14

]
Overfull \hbox (10.84198pt too wide) in paragraph at lines 280--281
[][]\TU/XBNiloofar(0)/b/n/12 اجرا []\TU/TimesNewRoman(0)/b/n/12 (Execute)[]\TU/
XBNiloofar(0)/b/n/12 : \TU/XBNiloofar(0)/m/n/12 فرآیند آموزش مجدد را مستقیماً ر
وی بافر تجربیات آفلاین یا آنلاین از پیش‌ثبت‌شده[]
 []

[15]
File: figures/dartsim_scenarios.png Graphic file (type bmp)
<figures/dartsim_scenarios.png>
 [16]
Overfull \hbox (18.2468pt too wide) in paragraph at lines 314--315
[]\TU/XBNiloofar(0)/m/n/12 ارزیابی‌های تجربی بر روی شبیه‌ساز آفلاین []\TU/Times
NewRoman(0)/m/n/12 DARTSim[] \TU/XBNiloofar(0)/m/n/12 با بافر داده‌ای شامل $[][
][][][][]$ تراکنش پاک‌سازی‌شده،[]
 []

[17]
File: figures/figure1_main_convergence.png Graphic file (type bmp)
<figures/figure1_main_convergence.png>
 [18

]
File: figures/figure2_per_seed_breakdown.png Graphic file (type bmp)
<figures/figure2_per_seed_breakdown.png>
 [19

]
File: figures/figure3_statistical_analysis.png Graphic file (type bmp)
<figures/figure3_statistical_analysis.png>
 [20

]
File: figures/medium_convergence.png Graphic file (type bmp)
<figures/medium_convergence.png>
File: figures/hard_convergence.png Graphic file (type bmp)
<figures/hard_convergence.png>
 [21

] [22

]
File: figures/figure4_robustness_analysis.png Graphic file (type bmp)
<figures/figure4_robustness_analysis.png>

Overfull \hbox (6.05977pt too wide) in paragraph at lines 426--426
[][]\TU/XBNiloofar(0)/b/n/14.4 ارزیابی مقایسه‌ای و تحلیل منطق برتری روش []\TU/T
imesNewRoman(0)/b/n/14.4 RS-DRL[] \TU/XBNiloofar(0)/b/n/14.4 ([]\TU/TimesNewRom
an(0)/b/n/14.4 Comparative Bench-[][]
 []

LaTeX Font Info:    Font shape `TU/XBNiloofar(0)/m/n' will be
(Font)              scaled to size 12.04506pt on input line 447.
LaTeX Font Info:    Font shape `TU/TimesNewRoman(0)/m/n' will be
(Font)              scaled to size 9.85492pt on input line 448.
LaTeX Font Info:    Font shape `TU/XBNiloofar(2)/m/n' will be
(Font)              scaled to size 12.04506pt on input line 448.
LaTeX Font Info:    Font shape `TU/XBNiloofar(2)/bx/n' in size <10.95> not avai
lable
(Font)              Font shape `TU/XBNiloofar(2)/b/n' tried instead on input li
ne 448.
LaTeX Font Info:    Font shape `TU/XBNiloofar(2)/b/n' will be
(Font)              scaled to size 12.04506pt on input line 448.
LaTeX Font Info:    Font shape `TU/XBNiloofar(2)/m/it' will be
(Font)              scaled to size 12.04506pt on input line 448.
LaTeX Font Info:    Font shape `TU/XBNiloofar(1)/m/n' will be
(Font)              scaled to size 12.04506pt on input line 448.
[23]
File: figures/comparative_literature_benchmarks.png Graphic file (type bmp)
<figures/comparative_literature_benchmarks.png>

Underfull \hbox (badness 1365) in paragraph at lines 457--457
[][][]\TU/XBNiloofar(0)/m/n/12 شکل \TU/XBNiloofar(1)/m/n/12 ۱۱\TU/XBNiloofar(0)
/m/n/12 : []مقایسه چندجانبه عملکرد روش پیشنهادی RS-DRL با روش‌های هیوریستیک[][]

 []

[24] [25] [26]
Overfull \hbox (4.74583pt too wide) in paragraph at lines 501--502
[]\TU/XBNiloofar(0)/m/n/12 کدهای شبیه‌سازی، اسکریپت‌های مربوط به حلقه MAPE-K و 
پیاده‌سازی عامل RS-DRL، بافرهای[]
 []


Overfull \hbox (6.2232pt too wide) in paragraph at lines 514--515
[][]\TU/XBNiloofar(0)/b/n/12 راه‌اندازی محیط پایتون: \TU/XBNiloofar(0)/m/n/12 ا
بتدا یک محیط مجازی با استفاده از ابزار []\TU/TimesNewRoman(0)/m/n/12 conda[] \T
U/XBNiloofar(0)/m/n/12 ایجاد کرده و نیازمندی‌ها[]
 []

[27]
LaTeX Font Info:    Font shape `TU/XBNiloofar(0)/m/it' will be
(Font)              scaled to size 13.20007pt on input line 561.
LaTeX Font Info:    Font shape `TU/TimesNewRoman(0)/m/it' will be
(Font)              scaled to size 10.79993pt on input line 561.
 [28] (dartsim_detailed_guide_v2_fa.aux)
 ***********
LaTeX2e <2025-11-01>
L3 programming layer <2026-04-28>
 ***********
Package rerunfilecheck Info: File `dartsim_detailed_guide_v2_fa.out' has not ch
anged.
(rerunfilecheck)             Checksum: 3C6828BCBCFF704E0E3B4F422FD12D69;13323.
 ) 
Here is how much of TeX's memory you used:
 16241 strings out of 402799
 337857 string characters out of 5449216
 793153 words of memory out of 5000000
 44810 multiletter control sequences out of 15000+600000
 638693 words of font info for 153 fonts, out of 8000000 for 9000
 1348 hyphenation exceptions out of 8191
 88i,17n,94p,1256b,502s stack positions out of 10000i,1000n,20000p,200000b,200000s

Output written on dartsim_detailed_guide_v2_fa.pdf (28 pages).
