This is XeTeX, Version 3.141592653-2.6-0.999998 (MiKTeX 26.5) (preloaded format=xelatex 2026.6.25)  29 JUN 2026 01:41
entering extended mode
 restricted \write18 enabled.
 %&-line parsing enabled.
**./thesis_full_toc_persian_v3.tex
(thesis_full_toc_persian_v3.tex
LaTeX2e <2025-11-01>
L3 programming layer <2026-04-28>
(TMU-Thesis.cls
Document Class: TMU-Thesis 2012/01/21 v0.5 Persian thesis document class for Ta
rbiat Modares University
(C:\Program Files\MiKTeX\tex/latex/base\book.cls
Document Class: book 2025/01/22 v1.4n Standard LaTeX document class
(C:\Program Files\MiKTeX\tex/latex/base\bk12.clo
File: bk12.clo 2025/01/22 v1.4n Standard LaTeX file (size option)
)
\c@part=\count272
\c@chapter=\count273
\c@section=\count274
\c@subsection=\count275
\c@subsubsection=\count276
\c@paragraph=\count277
\c@subparagraph=\count278
\c@figure=\count279
\c@table=\count280
\abovecaptionskip=\skip49
\belowcaptionskip=\skip50
\bibindent=\dimen150
)) (commands.tex
(C:\Program Files\MiKTeX\tex/latex/amscls\amsthm.sty
Package: amsthm 2020/05/29 v2.20.6
\thm@style=\toks17
\thm@bodyfont=\toks18
\thm@headfont=\toks19
\thm@notefont=\toks20
\thm@headpunct=\toks21
\thm@preskip=\skip51
\thm@postskip=\skip52
\thm@headsep=\skip53
\dth@everypar=\toks22
)
(C:\Program Files\MiKTeX\tex/latex/amsfonts\amssymb.sty
Package: amssymb 2013/01/14 v3.01 AMS font symbols

(C:\Program Files\MiKTeX\tex/latex/amsfonts\amsfonts.sty
Package: amsfonts 2013/01/14 v3.01 Basic AMSFonts support
\@emptytoks=\toks23
\symAMSa=\mathgroup4
\symAMSb=\mathgroup5
LaTeX Font Info:    Redeclaring math symbol \hbar on input line 98.
LaTeX Font Info:    Overwriting math alphabet `\mathfrak' in version `bold'
(Font)                  U/euf/m/n --> U/euf/b/n on input line 106.
))
(C:\Program Files\MiKTeX\tex/latex/amsmath\amsmath.sty
Package: amsmath 2025/07/09 v2.17z AMS math features
\@mathmargin=\skip54

For additional information on amsmath, use the `?' option.
(C:\Program Files\MiKTeX\tex/latex/amsmath\amstext.sty
Package: amstext 2024/11/17 v2.01 AMS text

(C:\Program Files\MiKTeX\tex/latex/amsmath\amsgen.sty
File: amsgen.sty 1999/11/30 v2.0 generic functions
\@emptytoks=\toks24
\ex@=\dimen151
))
(C:\Program Files\MiKTeX\tex/latex/amsmath\amsbsy.sty
Package: amsbsy 1999/11/29 v1.2d Bold Symbols
\pmbraise@=\dimen152
)
(C:\Program Files\MiKTeX\tex/latex/amsmath\amsopn.sty
Package: amsopn 2022/04/08 v2.04 operator names
)
\inf@bad=\count281
LaTeX Info: Redefining \frac on input line 233.
\uproot@=\count282
\leftroot@=\count283
LaTeX Info: Redefining \overline on input line 398.
LaTeX Info: Redefining \colon on input line 409.
\classnum@=\count284
\DOTSCASE@=\count285
LaTeX Info: Redefining \ldots on input line 495.
LaTeX Info: Redefining \dots on input line 498.
LaTeX Info: Redefining \cdots on input line 619.
\Mathstrutbox@=\box53
\strutbox@=\box54
LaTeX Info: Redefining \big on input line 721.
LaTeX Info: Redefining \Big on input line 722.
LaTeX Info: Redefining \bigg on input line 723.
LaTeX Info: Redefining \Bigg on input line 724.
\big@size=\dimen153
LaTeX Font Info:    Redeclaring font encoding OML on input line 742.
LaTeX Font Info:    Redeclaring font encoding OMS on input line 743.
\macc@depth=\count286
LaTeX Info: Redefining \bmod on input line 904.
LaTeX Info: Redefining \pmod on input line 909.
LaTeX Info: Redefining \smash on input line 939.
LaTeX Info: Redefining \relbar on input line 969.
LaTeX Info: Redefining \Relbar on input line 970.
\c@MaxMatrixCols=\count287
\dotsspace@=\muskip17
\c@parentequation=\count288
\dspbrk@lvl=\count289
\tag@help=\toks25
\row@=\count290
\column@=\count291
\maxfields@=\count292
\andhelp@=\toks26
\eqnshift@=\dimen154
\alignsep@=\dimen155
\tagshift@=\dimen156
\tagwidth@=\dimen157
\totwidth@=\dimen158
\lineht@=\dimen159
\@envbody=\toks27
\multlinegap=\skip55
\multlinetaggap=\skip56
\mathdisplay@stack=\toks28
LaTeX Info: Redefining \[ on input line 2950.
LaTeX Info: Redefining \] on input line 2951.
)
(C:\Program Files\MiKTeX\tex/latex/geometry\geometry.sty
Package: geometry 2026/03/07 v6.0 Page Geometry

(C:\Program Files\MiKTeX\tex/latex/graphics\keyval.sty
Package: keyval 2022/05/29 v1.15 key=value parser (DPC)
\KV@toks@=\toks29
)
(C:\Program Files\MiKTeX\tex/generic/iftex\ifvtex.sty
Package: ifvtex 2019/10/25 v1.7 ifvtex legacy package. Use iftex instead.

(C:\Program Files\MiKTeX\tex/generic/iftex\iftex.sty
Package: iftex 2024/12/12 v1.0g TeX engine tests
))
\Gm@cnth=\count293
\Gm@cntv=\count294
\c@Gm@tempcnt=\count295
\Gm@bindingoffset=\dimen160
\Gm@wd@mp=\dimen161
\Gm@odd@mp=\dimen162
\Gm@even@mp=\dimen163
\Gm@layoutwidth=\dimen164
\Gm@layoutheight=\dimen165
\Gm@layouthoffset=\dimen166
\Gm@layoutvoffset=\dimen167
\Gm@dimlist=\toks30

(C:\Program Files\MiKTeX\tex/latex/geometry\geometry.cfg))
(C:\Program Files\MiKTeX\tex/latex/graphics\graphicx.sty
Package: graphicx 2024/12/31 v1.2e Enhanced LaTeX Graphics (DPC,SPQR)

(C:\Program Files\MiKTeX\tex/latex/graphics\graphics.sty
Package: graphics 2024/08/06 v1.4g Standard LaTeX Graphics (DPC,SPQR)

(C:\Program Files\MiKTeX\tex/latex/graphics\trig.sty
Package: trig 2023/12/02 v1.11 sin cos tan (DPC)
)
(C:\Program Files\MiKTeX\tex/latex/graphics-cfg\graphics.cfg
File: graphics.cfg 2016/06/04 v1.11 sample graphics configuration
)
Package graphics Info: Driver file: xetex.def on input line 106.

(C:\Program Files\MiKTeX\tex/latex/graphics-def\xetex.def
File: xetex.def 2025/11/01 v5.0p Graphics/color driver for xetex
))
\Gin@req@height=\dimen168
\Gin@req@width=\dimen169
)
(C:\Program Files\MiKTeX\tex/latex/framed\framed.sty
Package: framed 2011/10/22 v 0.96: framed or shaded text with page breaks
\OuterFrameSep=\skip57
\fb@frw=\dimen170
\fb@frh=\dimen171
\FrameRule=\dimen172
\FrameSep=\dimen173
)
(C:\Program Files\MiKTeX\tex/latex/lastpage\lastpage.sty
Package: lastpage 2025/08/14 v2.1h lastpage: 2.09 or 2e? (HMM)

(C:\Program Files\MiKTeX\tex/latex/lastpage\lastpage2e.sty
Package: lastpage2e 2025/08/14 v2.1h Decide which 2e lastpage version to use (H
MM)

(C:\Program Files\MiKTeX\tex/latex/lastpage\lastpagemodern.sty
Package: lastpagemodern 2025-08-14 v2.1h Refers to last page's name (HMM; JPG)
\c@lastpagecount=\count296
) 
)) (C:\Program Files\MiKTeX\tex/latex/fancyhdr\fancyhdr.sty
Package: fancyhdr 2025/02/07 v5.2 Extensive control of page headers and footers

\f@nch@headwidth=\skip58
\f@nch@offset@elh=\skip59
\f@nch@offset@erh=\skip60
\f@nch@offset@olh=\skip61
\f@nch@offset@orh=\skip62
\f@nch@offset@elf=\skip63
\f@nch@offset@erf=\skip64
\f@nch@offset@olf=\skip65
\f@nch@offset@orf=\skip66
\f@nch@height=\skip67
\f@nch@footalignment=\skip68
\f@nch@widthL=\skip69
\f@nch@widthC=\skip70
\f@nch@widthR=\skip71
\@temptokenb=\toks31
)
(C:\Program Files\MiKTeX\tex/latex/setspace\setspace.sty
Package: setspace 2022/12/04 v6.7b set line spacing
)
(C:\Program Files\MiKTeX\tex/latex/algorithms\algorithm.sty
Invalid UTF-8 byte or sequence at line 11 replaced by U+FFFD.
Package: algorithm 2009/08/24 v0.1 Document Style `algorithm' - floating enviro
nment

(C:\Program Files\MiKTeX\tex/latex/float\float.sty
Package: float 2001/11/08 v1.3d Float enhancements (AL)
\c@float@type=\count297
\float@exts=\toks32
\float@box=\box55
\@float@everytoks=\toks33
\@floatcapt=\box56
)
(C:\Program Files\MiKTeX\tex/latex/base\ifthen.sty
Package: ifthen 2024/03/16 v1.1e Standard LaTeX ifthen package (DPC)
)
\@float@every@algorithm=\toks34
\c@algorithm=\count298
)
(C:\Program Files\MiKTeX\tex/latex/algorithms\algorithmic.sty
Invalid UTF-8 byte or sequence at line 11 replaced by U+FFFD.
Package: algorithmic 2009/08/24 v0.1 Document Style `algorithmic'
\c@ALC@unique=\count299
\c@ALC@line=\count300
\c@ALC@rem=\count301
\c@ALC@depth=\count302
\ALC@tlm=\skip72
\algorithmicindent=\skip73
)
(C:\Program Files\MiKTeX\tex/latex/subfigure\subfigure.sty
Package: subfigure 2002/07/30 v2.1.4 subfigure package
\subfigtopskip=\skip74
\subfigcapskip=\skip75
\subfigcaptopadj=\dimen174
\subfigbottomskip=\skip76
\subfigcapmargin=\dimen175
\subfiglabelskip=\skip77
\c@subfigure=\count303
\c@lofdepth=\count304
\c@subtable=\count305
\c@lotdepth=\count306

****************************************
* Local config file subfigure.cfg used *
****************************************
(C:\Program Files\MiKTeX\tex/latex/subfigure\subfigure.cfg)
\subfig@top=\skip78
\subfig@bottom=\skip79
)
(C:\Program Files\MiKTeX\tex/latex/tocloft\tocloft.sty
Package: tocloft 2017/08/31 v2.3i parameterised ToC, etc., typesetting
Package tocloft Info: The document has chapter divisions on input line 51.
\cftparskip=\skip80
\cftbeforetoctitleskip=\skip81
\cftaftertoctitleskip=\skip82
\cftbeforepartskip=\skip83
\cftpartnumwidth=\skip84
\cftpartindent=\skip85
\cftbeforechapskip=\skip86
\cftchapindent=\skip87
\cftchapnumwidth=\skip88
\cftbeforesecskip=\skip89
\cftsecindent=\skip90
\cftsecnumwidth=\skip91
\cftbeforesubsecskip=\skip92
\cftsubsecindent=\skip93
\cftsubsecnumwidth=\skip94
\cftbeforesubsubsecskip=\skip95
\cftsubsubsecindent=\skip96
\cftsubsubsecnumwidth=\skip97
\cftbeforeparaskip=\skip98
\cftparaindent=\skip99
\cftparanumwidth=\skip100
\cftbeforesubparaskip=\skip101
\cftsubparaindent=\skip102
\cftsubparanumwidth=\skip103
\cftbeforeloftitleskip=\skip104
\cftafterloftitleskip=\skip105
\cftbeforefigskip=\skip106
\cftfigindent=\skip107
\cftfignumwidth=\skip108
\cftbeforelottitleskip=\skip109
\cftafterlottitleskip=\skip110
\cftbeforetabskip=\skip111
\cfttabindent=\skip112
\cfttabnumwidth=\skip113
\cftbeforesubfigskip=\skip114
\cftsubfigindent=\skip115
\cftsubfignumwidth=\skip116
\cftbeforesubtabskip=\skip117
\cftsubtabindent=\skip118
\cftsubtabnumwidth=\skip119
)
(C:\Program Files\MiKTeX\tex/latex/multirow\multirow.sty
Package: multirow 2024/11/12 v2.9 Span multiple rows of a table
\multirow@colwidth=\skip120
\multirow@cntb=\count307
\multirow@dima=\skip121
\bigstrutjot=\dimen176
)
(C:\Program Files\MiKTeX\tex/latex/tocbibind\tocbibind.sty
Package: tocbibind 2010/10/13 v1.5k extra ToC listings
Package tocbibind Info: The document has chapter divisions on input line 50.


Package tocbibind Note: Using chapter style headings, unless overridden.

) (C:\Program Files\MiKTeX\tex/latex/base\makeidx.sty
Package: makeidx 2021/10/04 v1.0m Standard LaTeX package
)
\@indexfile=\write3
\openout3 = `thesis_full_toc_persian_v3.idx'.


Writing index file thesis_full_toc_persian_v3.idx
(C:\Program Files\MiKTeX\tex/latex/hyperref\hyperref.sty
Package: hyperref 2026-04-24 v7.01q Hypertext links for LaTeX

(C:\Program Files\MiKTeX\tex/latex/kvsetkeys\kvsetkeys.sty
Package: kvsetkeys 2022-10-05 v1.19 Key value parser (HO)
)
(C:\Program Files\MiKTeX\tex/generic/kvdefinekeys\kvdefinekeys.sty
Package: kvdefinekeys 2019-12-19 v1.6 Define keys (HO)
)
(C:\Program Files\MiKTeX\tex/generic/pdfescape\pdfescape.sty
Package: pdfescape 2019/12/09 v1.15 Implements pdfTeX's escape features (HO)

(C:\Program Files\MiKTeX\tex/generic/ltxcmds\ltxcmds.sty
Package: ltxcmds 2023-12-04 v1.26 LaTeX kernel commands for general use (HO)
)
(C:\Program Files\MiKTeX\tex/generic/pdftexcmds\pdftexcmds.sty
Package: pdftexcmds 2020-06-27 v0.33 Utility functions of pdfTeX for LuaTeX (HO
)

(C:\Program Files\MiKTeX\tex/generic/infwarerr\infwarerr.sty
Package: infwarerr 2019/12/03 v1.5 Providing info/warning/error messages (HO)
)
Package pdftexcmds Info: \pdf@primitive is available.
Package pdftexcmds Info: \pdf@ifprimitive is available.
Package pdftexcmds Info: \pdfdraftmode not found.
))
(C:\Program Files\MiKTeX\tex/latex/hycolor\hycolor.sty
Package: hycolor 2020-01-27 v1.10 Color options for hyperref/bookmark (HO)
)
(C:\Program Files\MiKTeX\tex/latex/hyperref\nameref.sty
Package: nameref 2026-01-29 v2.58 Cross-referencing by name of section

(C:\Program Files\MiKTeX\tex/latex/refcount\refcount.sty
Package: refcount 2019/12/15 v3.6 Data extraction from label references (HO)
)
(C:\Program Files\MiKTeX\tex/generic/gettitlestring\gettitlestring.sty
Package: gettitlestring 2019/12/15 v1.6 Cleanup title references (HO)

(C:\Program Files\MiKTeX\tex/latex/kvoptions\kvoptions.sty
Package: kvoptions 2022-06-15 v3.15 Key value format for package options (HO)
))
\c@section@level=\count308
)
(C:\Program Files\MiKTeX\tex/latex/etoolbox\etoolbox.sty
Package: etoolbox 2025/10/02 v2.5m e-TeX tools for LaTeX (JAW)
\etb@tempcnta=\count309
)
(C:\Program Files\MiKTeX\tex/generic/stringenc\stringenc.sty
Package: stringenc 2019/11/29 v1.12 Convert strings between diff. encodings (HO
)
)
\@linkdim=\dimen177
\Hy@linkcounter=\count310
\Hy@pagecounter=\count311

(C:\Program Files\MiKTeX\tex/latex/hyperref\pd1enc.def
File: pd1enc.def 2026-04-24 v7.01q Hyperref: PDFDocEncoding definition (HO)
)
(C:\Program Files\MiKTeX\tex/generic/intcalc\intcalc.sty
Package: intcalc 2019/12/15 v1.3 Expandable calculations with integers (HO)
)
\Hy@SavedSpaceFactor=\count312

(C:\Program Files\MiKTeX\tex/latex/hyperref\puenc.def
File: puenc.def 2026-04-24 v7.01q Hyperref: PDF Unicode definition (HO)
)
Package hyperref Info: Option `colorlinks' set `true' on input line 4070.
Package hyperref Info: Hyper figures OFF on input line 4199.
Package hyperref Info: Link nesting OFF on input line 4204.
Package hyperref Info: Hyper index ON on input line 4207.
Package hyperref Info: Plain pages OFF on input line 4214.
Package hyperref Info: Backreferencing OFF on input line 4219.
Package hyperref Info: Implicit mode ON; LaTeX internals redefined.
Package hyperref Info: Bookmarks ON on input line 4466.
\c@Hy@tempcnt=\count313

(C:\Program Files\MiKTeX\tex/latex/url\url.sty
\Urlmuskip=\muskip18
Package: url 2013/09/16  ver 3.4  Verb mode for urls, etc.
)
LaTeX Info: Redefining \url on input line 4805.
\XeTeXLinkMargin=\dimen178

(C:\Program Files\MiKTeX\tex/generic/bitset\bitset.sty
Package: bitset 2019/12/09 v1.3 Handle bit-vector datatype (HO)

(C:\Program Files\MiKTeX\tex/generic/bigintcalc\bigintcalc.sty
Package: bigintcalc 2019/12/15 v1.5 Expandable calculations on big integers (HO
)
))
\Fld@menulength=\count314
\Field@Width=\dimen179
\Fld@charsize=\dimen180
Package hyperref Info: Hyper figures OFF on input line 6091.
Package hyperref Info: Link nesting OFF on input line 6096.
Package hyperref Info: Hyper index ON on input line 6099.
Package hyperref Info: backreferencing OFF on input line 6106.
Package hyperref Info: Link coloring ON on input line 6109.
Package hyperref Info: Link coloring with OCG OFF on input line 6116.
Package hyperref Info: PDF/A mode OFF on input line 6121.
\Hy@abspage=\count315
\c@Item=\count316
\c@Hfootnote=\count317
)
Package hyperref Info: Driver (autodetected): hxetex.

(C:\Program Files\MiKTeX\tex/latex/hyperref\hxetex.def
File: hxetex.def 2026-04-24 v7.01q Hyperref driver for XeTeX
\pdfm@box=\box57
\c@Hy@AnnotLevel=\count318
\HyField@AnnotCount=\count319
\Fld@listcount=\count320
\c@bookmark@seq@number=\count321

(C:\Program Files\MiKTeX\tex/latex/rerunfilecheck\rerunfilecheck.sty
Package: rerunfilecheck 2025-06-21 v1.11 Rerun checks for auxiliary files (HO)

(C:\Program Files\MiKTeX\tex/generic/uniquecounter\uniquecounter.sty
Package: uniquecounter 2019/12/15 v1.4 Provide unlimited unique counter (HO)
)
Package uniquecounter Info: New unique counter `rerunfilecheck' on input line 2
84.
)
\Hy@SectionHShift=\skip122
)
(C:\Program Files\MiKTeX\tex/latex/notoccite\notoccite.sty
Package: notoccite 2000/07/20
)
\g__hyp_linknestlevel_int=\count322

(C:\Program Files\MiKTeX\tex/latex/xepersian\xepersian.sty
Package: xepersian 2026/01/01 v26.01.01 (Release Iran) Persian typesetting in X
eLaTeX

****************************************************
* 
* xepersian package (Persian for LaTeX format in XeTeX and LuaTeX engines)
* 
* Description: A convenient interface for typesetting Persian and
English documents with LaTeX format in XeTeX and LuaTeX engines.
* 
* Copyright (c) 2008--2026 Vafa Khalighi
* Copyright (c) 2018--2020 bidi-tex GitHub Organization
* 
* v26.01.01 (Release Iran), 2026/01/01
* 
* License: LaTeX Project Public License, version
* 1.3c or higher (your choice)
* 
* Location on CTAN: /macros/unicodetex/latex/xepersian
* 
* Issue tracker: https://github.com/xepersian/xepersian/issues
* 
* Primary author of xepersian package: Vafa Khalighi.
* 
****************************************************
(C:\Program Files\MiKTeX\tex/latex/fontspec\fontspec.sty
(C:\Program Files\MiKTeX\tex/latex/l3packages/xparse\xparse.sty
(C:\Program Files\MiKTeX\tex/latex/l3kernel\expl3.sty
Package: expl3 2026-04-28 L3 programming layer (loader) 

(C:\Program Files\MiKTeX\tex/latex/l3backend\l3backend-xetex.def
File: l3backend-xetex.def 2026-02-18 L3 backend support: XeTeX
\g__graphics_track_int=\count323
\g__pdfannot_backend_int=\count324
\g__pdfannot_backend_link_int=\count325
))
Package: xparse 2025-10-09 L3 Experimental document command parser
)
Package: fontspec 2025/09/29 v2.9g Font selection for XeLaTeX and LuaLaTeX

(C:\Program Files\MiKTeX\tex/latex/fontspec\fontspec-xetex.sty
Package: fontspec-xetex 2025/09/29 v2.9g Font selection for XeLaTeX and LuaLaTe
X
\l__fontspec_script_int=\count326
\l__fontspec_language_int=\count327
\l__fontspec_strnum_int=\count328
\l__fontspec_tmp_int=\count329
\l__fontspec_tmpa_int=\count330
\l__fontspec_tmpb_int=\count331
\l__fontspec_tmpc_int=\count332
\l__fontspec_em_int=\count333
\l__fontspec_emdef_int=\count334
\l__fontspec_strong_int=\count335
\l__fontspec_strongdef_int=\count336
\l__fontspec_tmpa_dim=\dimen181
\l__fontspec_tmpb_dim=\dimen182
\l__fontspec_tmpc_dim=\dimen183

(C:\Program Files\MiKTeX\tex/latex/base\fontenc.sty
Package: fontenc 2025/07/18 v2.1d Standard LaTeX package
)
(C:\Program Files\MiKTeX\tex/latex/fontspec\fontspec.cfg)))
(C:\Program Files\MiKTeX\tex/latex/xepersian\unicode-persiancal.sty
Package: unicode-persiancal 2025/01/01 v0.3 Unicode Persian calendar
\XePersian@i=\count337
\XePersian@y=\count338
\XePersian@m=\count339
\XePersian@d=\count340
\XePersian@latini=\count341
\XePersian@persiani=\count342
\XePersian@latinii=\count343
\XePersian@persianii=\count344
\XePersian@latiniii=\count345
\XePersian@persianiii=\count346
\XePersian@latiniv=\count347
\XePersian@persianiv=\count348
\XePersian@latinv=\count349
\XePersian@persianv=\count350
\XePersian@latinvi=\count351
\XePersian@persianvi=\count352
\XePersian@latinvii=\count353
\XePersian@persianvii=\count354
\XePersian@latinviii=\count355
\XePersian@persianviii=\count356
\XePersian@latinix=\count357
\XePersian@persianix=\count358
\XePersian@latinx=\count359
\XePersian@persianx=\count360
\XePersian@latinxi=\count361
\XePersian@persianxi=\count362
\XePersian@latinxii=\count363
\XePersian@persianxii=\count364
\XePersian@persianxiii=\count365
\XePersian@temp=\count366
\XePersian@temptwo=\count367
\XePersian@tempthree=\count368
\XePersian@yModHundred=\count369
\XePersian@thirtytwo=\count370
\XePersian@dn=\count371
\XePersian@sn=\count372
\XePersian@mminusone=\count373
)
(C:\Program Files\MiKTeX\tex/latex/xepersian\unicode-persianmath.sty
Package: unicode-persianmath 2026/01/01 v1.2.6 Unicode Persian math
)
(C:\Program Files\MiKTeX\tex/latex/bidi\bidi.sty
Package: bidi 2026/01/08 v26.01.08 (Release Iran) Bidirectional typesetting in 
plain TeX and LaTeX

****************************************************
* 
* bidi package (Bidirectional typesetting with
* plain TeX and LaTeX formats in XeTeX and LuaTeX engines)
* 
* Description: A convenient interface for
* typesetting bidirectional texts in plain TeX
* and LaTeX. The package includes adaptations
* for use with many other commonly-used packages.
* 
* Copyright (c) 2007--2026 Vafa Khalighi
* Copyright (c) 2018--2020 bidi-tex GitHub organization
* 
* v26.01.08 (Release Iran), 2026/01/08
* 
* License: LaTeX Project Public License, version
* 1.3c or higher (your choice)
* 
* Location on CTAN: /macros/unicodetex/generic/bidi
* 
* Issue tracker: https://github.com/xepersian/bidi/issues
* 
* Primary author of bidi package: Vafa Khalighi.
* 
****************************************************
(C:\Program Files\MiKTeX\tex/latex/bidi\biditools.sty
Package: biditools 2025/12/19 v2.9 Programming tools for bidi package
\@bidi@envbody=\toks35
\@bidi@emptytoks=\toks36
\bidi@poscount=\count374
\bidi@tempcountb=\count375
\bidi@temptoksa=\toks37
\bidi@temptoksb=\toks38
\bidi@dummies=\count376
\bidi@are@these@correct=\toks39
\bidi@toks@lista=\toks40
\bidi@toks@listb=\toks41
\bidi@stack@length=\count377
\bidi@empty@stack=\toks42
\bidi@looprepeat@depth=\count378
)
(C:\Program Files\MiKTeX\tex/latex/zref\zref-abspage.sty
Package: zref-abspage 2026-03-07 v2.37 Module abspage for zref (HO)

(C:\Program Files\MiKTeX\tex/latex/zref\zref-base.sty
Package: zref-base 2026-03-07 v2.37 Module base for zref (HO)

(C:\Program Files\MiKTeX\tex/generic/etexcmds\etexcmds.sty
Package: etexcmds 2019/12/15 v1.7 Avoid name clashes with e-TeX commands (HO)
)
(C:\Program Files\MiKTeX\tex/latex/auxhook\auxhook.sty
Package: auxhook 2019-12-17 v1.6 Hooks for auxiliary files (HO)
)
Package zref Info: New property list: main on input line 767.
Package zref Info: New property: default on input line 768.
Package zref Info: New property: page on input line 769.
)
\c@abspage=\count379
Package zref Info: New property: abspage on input line 67.
)
\@bidi@copyins@=\insert252
\bidi@typesethour=\count380
\bidi@typesetminute=\count381

(C:\Program Files\MiKTeX\tex/latex/bidi\latex-xetex-bidi.def
File: latex-xetex-bidi.def 2025/12/19 v1.5.6 bidi adaptations for `latex.ltx' f
or XeTeX engine
\bidi@n@everypar=\toks43
LaTeX Info: Redefining \centerline on input line 317.
LaTeX Info: Redefining \leftline on input line 326.
LaTeX Info: Redefining \rightline on input line 327.
LaTeX Info: Redefining \underline on input line 335.
\bidi@column@check@number=\count382

(C:\Program Files\MiKTeX\tex/latex/bidi\footnote-xetex-bidi.def
File: footnote-xetex-bidi.def 2025/09/30 v1.6 bidi footnote macros for XeTeX en
gine
\c@footdir@label=\count383
\footdir@toks=\toks44
)
(C:\Program Files\MiKTeX\tex/latex/bidi\book-xetex-bidi.def
File: book-xetex-bidi.def 2025/12/19 v1.6 bidi adaptations for standard book cl
ass for XeTeX engine
)
(C:\Program Files\MiKTeX\tex/latex/bidi\amsmath-xetex-bidi.def
File: amsmath-xetex-bidi.def 2020/05/16 v1.2 bidi adaptations for amsmath packa
ge for XeTeX engine
)
(C:\Program Files\MiKTeX\tex/latex/bidi\amstext-xetex-bidi.def
File: amstext-xetex-bidi.def 2016/09/12 v0.2 bidi adaptations for amstext packa
ge for XeTeX engine
)
(C:\Program Files\MiKTeX\tex/latex/bidi\amsthm-xetex-bidi.def
File: amsthm-xetex-bidi.def 2010/07/25 v0.1 bidi adaptations for amsthm package
 for XeTeX engine
)
(C:\Program Files\MiKTeX\tex/latex/bidi\fancyhdr-xetex-bidi.def
File: fancyhdr-xetex-bidi.def 2025/09/03 v1.0 bidi adaptations for fancyhdr pac
kage for XeTeX engine
)
(C:\Program Files\MiKTeX\tex/latex/bidi\float-xetex-bidi.def
File: float-xetex-bidi.def 2013/04/04 v0.2 bidi adaptations for float package f
or XeTeX engine
)
(C:\Program Files\MiKTeX\tex/latex/bidi\framed-xetex-bidi.def
File: framed-xetex-bidi.def 2012/06/05 v0.3 bidi adaptations for framed package
 for XeTeX engine
)
(C:\Program Files\MiKTeX\tex/latex/bidi\geometry-xetex-bidi.def
File: geometry-xetex-bidi.def 2017/01/14 v0.2 bidi adaptations for geometry pac
kage for XeTeX engine
)
(C:\Program Files\MiKTeX\tex/latex/bidi\graphicx-xetex-bidi.def
File: graphicx-xetex-bidi.def 2017/06/17 v0.5 bidi adaptations for graphicx pac
kage for XeTeX engine
)
(C:\Program Files\MiKTeX\tex/latex/bidi\hyperref-xetex-bidi.def
File: hyperref-xetex-bidi.def 2025/12/06 v1.5 bidi adaptations for hyperref pac
kage for XeTeX engine
)
(C:\Program Files\MiKTeX\tex/latex/bidi\subfigure-xetex-bidi.def
File: subfigure-xetex-bidi.def 2010/03/01 v0.1 bidi adaptations for subfigure p
ackage for XeTeX engine
)
(C:\Program Files\MiKTeX\tex/latex/bidi\tocbibind-xetex-bidi.def
File: tocbibind-xetex-bidi.def 2025/01/03 v0.5 bidi adaptations for tocbibind p
ackage for XeTeX engine
)
(C:\Program Files\MiKTeX\tex/latex/bidi\tocloft-xetex-bidi.def
File: tocloft-xetex-bidi.def 2025/01/03 v0.4 bidi adaptations for tocloft packa
ge for XeTeX engine
))
\bidi@digits=\count384
\bidi@digits@charclass=\XeTeXcharclass1
\bidi@sepmark@charclass=\XeTeXcharclass2
)
\xepersian@tcl=\count385
\xepersian@ilg=\dimen184
\xepersian@strutilg=\dimen185

(C:\Program Files\MiKTeX\tex/latex/xepersian\footnote-xetex-bidi-xetex-xepersia
n.def
File: footnote-xetex-bidi-xetex-xepersian.def 2017/08/09 v0.6 xepersian adaptat
ions for footnotes for XeTeX engine
) (C:\Program Files\MiKTeX\tex/latex/xepersian\book-xetex-xepersian.def
File: book-xetex-xepersian.def 2010/07/25 v0.2 xepersian adaptations for book c
lass for XeTeX engine
)
(C:\Program Files\MiKTeX\tex/latex/xepersian\algorithm-xetex-xepersian.def
File: algorithm-xetex-xepersian.def 2010/07/25 v0.2 xepersian adaptations for a
lgorithm package for XeTeX engine
)
(C:\Program Files\MiKTeX\tex/latex/xepersian\algorithmic-xetex-xepersian.def
File: algorithmic-xetex-xepersian.def 2010/07/25 v0.2 xepersian adaptations for
 algorithmic package for XeTeX engine
)
(C:\Program Files\MiKTeX\tex/latex/xepersian\framed-xetex-xepersian.def
File: framed-xetex-xepersian.def 2012/06/05 v0.1 xepersian adaptations for fram
ed package for XeTeX engine
)
(C:\Program Files\MiKTeX\tex/latex/xepersian\hyperref-xetex-xepersian.def
File: hyperref-xetex-xepersian.def 2022/10/30 v0.8 xepersian adaptations for hy
perref package for XeTeX engine
)
(C:\Program Files\MiKTeX\tex/latex/xepersian\tocloft-xetex-xepersian.def
File: tocloft-xetex-xepersian.def 2025/01/03 v0.2 xepersian adaptations for toc
loft package for XeTeX engine
)
(C:\Program Files\MiKTeX\tex/latex/xepersian\url-xetex-xepersian.def
File: url-xetex-xepersian.def 2025/09/03 v0.2 xepersian adaptations for url pac
kage for XeTeX engine
)
\xepersian@toks=\toks45
)

Package fontspec Info: 
(fontspec)             Font family 'lmroman10-regular(0)' created for font
(fontspec)             'lmroman10-regular' with options
(fontspec)             [Ligatures=TeX,Path,BoldFont={lmroman10-bold},BoldItalic
Font={lmroman10-bolditalic},ItalicFont={lmroman10-italic},SmallCapsFont={lmroma
ncaps10-regular},SlantedFont={lmromanslant10-regular},BoldSlantedFont={lmromans
lant10-bold}].
(fontspec)              
(fontspec)              This font family consists of the following NFSS
(fontspec)             series/shapes:
(fontspec)              
(fontspec)             - 'normal' (m/n) with NFSS spec.:
(fontspec)             <->"[lmroman10-regular]/OT:script=latn;language=dflt;map
ping=tex-text;"
(fontspec)             - 'small caps'  (m/sc) with NFSS spec.:
(fontspec)             <->"[lmromancaps10-regular]/OT:script=latn;language=dflt
;mapping=tex-text;"
(fontspec)             - 'bold' (b/n) with NFSS spec.:
(fontspec)             <->"[lmroman10-bold]/OT:script=latn;language=dflt;mappin
g=tex-text;"
(fontspec)             - 'bold small caps'  (b/sc) with NFSS spec.:
(fontspec)             <->"[lmromancaps10-regular]/OT:script=latn;language=dflt
;mapping=tex-text;"
(fontspec)             - 'italic' (m/it) with NFSS spec.:
(fontspec)             <->"[lmroman10-italic]/OT:script=latn;language=dflt;mapp
ing=tex-text;"
(fontspec)             - 'italic small caps'  (m/scit) with NFSS spec.:
(fontspec)             <->"[lmromancaps10-regular]/OT:script=latn;language=dflt
;mapping=tex-text;"
(fontspec)             - 'slanted' (m/sl) with NFSS spec.:
(fontspec)             <->"[lmromanslant10-regular]/OT:script=latn;language=dfl
t;mapping=tex-text;"
(fontspec)             - 'slanted small caps'  (m/scsl) with NFSS spec.:
(fontspec)             <->"[lmromancaps10-regular]/OT:script=latn;language=dflt
;mapping=tex-text;"
(fontspec)             - 'bold italic' (b/it) with NFSS spec.:
(fontspec)             <->"[lmroman10-bolditalic]/OT:script=latn;language=dflt;
mapping=tex-text;"
(fontspec)             - 'bold italic small caps'  (b/scit) with NFSS spec.:
(fontspec)             <->"[lmromancaps10-regular]/OT:script=latn;language=dflt
;mapping=tex-text;"
(fontspec)             - 'bold slanted' (b/sl) with NFSS spec.:
(fontspec)             <->"[lmromanslant10-bold]/OT:script=latn;language=dflt;m
apping=tex-text;"
(fontspec)             - 'bold slanted small caps'  (b/scsl) with NFSS spec.:
(fontspec)             <->"[lmromancaps10-regular]/OT:script=latn;language=dflt
;mapping=tex-text;"


Package fontspec Info: 
(fontspec)             XB Niloofar scale = 1.


Package fontspec Info: 
(fontspec)             XB Niloofar scale = 1.


Package fontspec Info: 
(fontspec)             XB NiloofarBd scale = 1.


Package fontspec Info: 
(fontspec)             XB NiloofarIt scale = 1.


Package fontspec Info: 
(fontspec)             XB NiloofarBdIt scale = 1.


Package fontspec Info: 
(fontspec)             Font family 'XBNiloofar(0)' created for font 'XB
(fontspec)             Niloofar' with options
(fontspec)             [RawFeature={script=arab},Ligatures=PersianTeX,Path=font
/,Extension=.ttf,Scale=1,BoldFont=XB
(fontspec)             NiloofarBd,ItalicFont=XB NiloofarIt,BoldItalicFont=XB
(fontspec)             NiloofarBdIt].
(fontspec)              
(fontspec)              This font family consists of the following NFSS
(fontspec)             series/shapes:
(fontspec)              
(fontspec)             - 'normal' (m/n) with NFSS spec.: <->s*[1]"[font/XB
(fontspec)             Niloofar.ttf]/OT:script=latn;language=dflt;script=arab;m
apping=persian-tex-text;"
(fontspec)             - 'bold' (b/n) with NFSS spec.: <->s*[1]"[font/XB
(fontspec)             NiloofarBd.ttf]/OT:script=latn;language=dflt;script=arab
;mapping=persian-tex-text;"
(fontspec)             - 'italic' (m/it) with NFSS spec.: <->s*[1]"[font/XB
(fontspec)             NiloofarIt.ttf]/OT:script=latn;language=dflt;script=arab
;mapping=persian-tex-text;"
(fontspec)             - 'bold italic' (b/it) with NFSS spec.:
(fontspec)             <->s*[1]"[font/XB
(fontspec)             NiloofarBdIt.ttf]/OT:script=latn;language=dflt;script=ar
ab;mapping=persian-tex-text;"

LaTeX Font Info:    Font shape `TU/XBNiloofar(0)/m/n' will be
(Font)              scaled to size 12.0pt on input line 91.

Package fontspec Info: 
(fontspec)             Times New Roman scale = 0.9.


Package fontspec Info: 
(fontspec)             Times New Roman scale = 0.9.


Package fontspec Info: 
(fontspec)             Times New Roman scale = 0.9.


Package fontspec Info: 
(fontspec)             Times New Roman/B scale = 0.9.


Package fontspec Info: 
(fontspec)             Times New Roman/B scale = 0.9.


Package fontspec Info: 
(fontspec)             Times New Roman/I scale = 0.9.


Package fontspec Info: 
(fontspec)             Times New Roman/I scale = 0.9.


Package fontspec Info: 
(fontspec)             Times New Roman/BI scale = 0.9.


Package fontspec Info: 
(fontspec)             Times New Roman/BI scale = 0.9.


Package fontspec Info: 
(fontspec)             Font family 'TimesNewRoman(0)' created for font 'Times
(fontspec)             New Roman' with options [Ligatures=TeX,Scale=0.9].
(fontspec)              
(fontspec)              This font family consists of the following NFSS
(fontspec)             series/shapes:
(fontspec)              
(fontspec)             - 'normal' (m/n) with NFSS spec.: <->s*[0.9]"Times New
(fontspec)             Roman/OT:script=latn;language=dflt;mapping=tex-text;"
(fontspec)             - 'small caps'  (m/sc) with NFSS spec.:
(fontspec)             <->s*[0.9]"Times New
(fontspec)             Roman/OT:script=latn;language=dflt;+smcp;mapping=tex-tex
t;"
(fontspec)             - 'bold' (b/n) with NFSS spec.: <->s*[0.9]"Times New
(fontspec)             Roman/B/OT:script=latn;language=dflt;mapping=tex-text;"
(fontspec)             - 'bold small caps'  (b/sc) with NFSS spec.:
(fontspec)             <->s*[0.9]"Times New
(fontspec)             Roman/B/OT:script=latn;language=dflt;+smcp;mapping=tex-t
ext;"
(fontspec)             - 'italic' (m/it) with NFSS spec.: <->s*[0.9]"Times New
(fontspec)             Roman/I/OT:script=latn;language=dflt;mapping=tex-text;"
(fontspec)             - 'italic small caps'  (m/scit) with NFSS spec.:
(fontspec)             <->s*[0.9]"Times New
(fontspec)             Roman/I/OT:script=latn;language=dflt;+smcp;mapping=tex-t
ext;"
(fontspec)             - 'bold italic' (b/it) with NFSS spec.:
(fontspec)             <->s*[0.9]"Times New
(fontspec)             Roman/BI/OT:script=latn;language=dflt;mapping=tex-text;"

(fontspec)             - 'bold italic small caps'  (b/scit) with NFSS spec.:
(fontspec)             <->s*[0.9]"Times New
(fontspec)             Roman/BI/OT:script=latn;language=dflt;+smcp;mapping=tex-
text;"

LaTeX Info: Redefining \latinfont on input line 92.

Package fontspec Info: 
(fontspec)             XB Niloofar scale = 1.


Package fontspec Info: 
(fontspec)             XB Niloofar scale = 1.


Package fontspec Info: 
(fontspec)             XB NiloofarBd scale = 1.


Package fontspec Info: 
(fontspec)             XB NiloofarIt scale = 1.


Package fontspec Info: 
(fontspec)             XB NiloofarBdIt scale = 1.


Package fontspec Info: 
(fontspec)             Font family 'XBNiloofar(1)' created for font 'XB
(fontspec)             Niloofar' with options
(fontspec)             [Ligatures=PersianTeX,Path=font/,Extension=.ttf,Scale=1,
BoldFont=XB
(fontspec)             NiloofarBd,ItalicFont=XB NiloofarIt,BoldItalicFont=XB
(fontspec)             NiloofarBdIt].
(fontspec)              
(fontspec)              This font family consists of the following NFSS
(fontspec)             series/shapes:
(fontspec)              
(fontspec)             - 'normal' (m/n) with NFSS spec.: <->s*[1]"[font/XB
(fontspec)             Niloofar.ttf]/OT:script=latn;language=dflt;mapping=persi
an-tex-text;"
(fontspec)             - 'bold' (b/n) with NFSS spec.: <->s*[1]"[font/XB
(fontspec)             NiloofarBd.ttf]/OT:script=latn;language=dflt;mapping=per
sian-tex-text;"
(fontspec)             - 'italic' (m/it) with NFSS spec.: <->s*[1]"[font/XB
(fontspec)             NiloofarIt.ttf]/OT:script=latn;language=dflt;mapping=per
sian-tex-text;"
(fontspec)             - 'bold italic' (b/it) with NFSS spec.:
(fontspec)             <->s*[1]"[font/XB
(fontspec)             NiloofarBdIt.ttf]/OT:script=latn;language=dflt;mapping=p
ersian-tex-text;"


Package fontspec Info: 
(fontspec)             XB Niloofar scale = 1.


Package fontspec Info: 
(fontspec)             XB Niloofar scale = 1.


Package fontspec Info: 
(fontspec)             XB NiloofarBd scale = 1.


Package fontspec Info: 
(fontspec)             XB NiloofarIt scale = 1.


Package fontspec Info: 
(fontspec)             XB NiloofarBdIt scale = 1.


Package fontspec Info: 
(fontspec)             Font family 'XBNiloofar(2)' created for font 'XB
(fontspec)             Niloofar' with options
(fontspec)             [Path=font/,Extension=.ttf,Scale=1,BoldFont=XB
(fontspec)             NiloofarBd,ItalicFont=XB NiloofarIt,BoldItalicFont=XB
(fontspec)             NiloofarBdIt].
(fontspec)              
(fontspec)              This font family consists of the following NFSS
(fontspec)             series/shapes:
(fontspec)              
(fontspec)             - 'normal' (m/n) with NFSS spec.: <->s*[1]"[font/XB
(fontspec)             Niloofar.ttf]/OT:script=latn;language=dflt;"
(fontspec)             - 'bold' (b/n) with NFSS spec.: <->s*[1]"[font/XB
(fontspec)             NiloofarBd.ttf]/OT:script=latn;language=dflt;"
(fontspec)             - 'italic' (m/it) with NFSS spec.: <->s*[1]"[font/XB
(fontspec)             NiloofarIt.ttf]/OT:script=latn;language=dflt;"
(fontspec)             - 'bold italic' (b/it) with NFSS spec.:
(fontspec)             <->s*[1]"[font/XB
(fontspec)             NiloofarBdIt.ttf]/OT:script=latn;language=dflt;"

Package unicode-persianmath Info: DefiningthedefaultPersianmathdigitsfontas'XB 
Niloofar' on input line 102.
\sympersianoperators=\mathgroup6
\sympersianoperatorsbf=\mathgroup7
\sympersianoperatorsit=\mathgroup8

Package fontspec Info: 
(fontspec)             XB Titre scale = 1.


Package fontspec Info: 
(fontspec)             XB Titre scale = 1.


Package fontspec Info: 
(fontspec)             Font family 'XBTitre(0)' created for font 'XB Titre'
(fontspec)             with options
(fontspec)             [RawFeature={script=arab},Ligatures=PersianTeX,Path=font
/,Extension=.ttf,Scale=1].
(fontspec)              
(fontspec)              This font family consists of the following NFSS
(fontspec)             series/shapes:
(fontspec)              
(fontspec)             - 'normal' (m/n) with NFSS spec.: <->s*[1]"[font/XB
(fontspec)             Titre.ttf]/OT:script=latn;language=dflt;script=arab;mapp
ing=persian-tex-text;"

\c@definition=\count386
\mylenprt=\skip123
\mylenchp=\skip124
\mylenapp=\skip125
LaTeX Font Info:    Font shape `TU/XBNiloofar(0)/m/n' will be
(Font)              scaled to size 14.4pt on input line 173.
LaTeX Font Info:    Font shape `TU/XBNiloofar(0)/bx/n' in size <14.4> not avail
able
(Font)              Font shape `TU/XBNiloofar(0)/b/n' tried instead on input li
ne 173.
LaTeX Font Info:    Font shape `TU/XBNiloofar(0)/b/n' will be
(Font)              scaled to size 14.4pt on input line 173.
LaTeX Font Info:    Font shape `TU/XBNiloofar(0)/bx/n' in size <12> not availab
le
(Font)              Font shape `TU/XBNiloofar(0)/b/n' tried instead on input li
ne 174.
LaTeX Font Info:    Font shape `TU/XBNiloofar(0)/b/n' will be
(Font)              scaled to size 12.0pt on input line 174.
)
(C:\Program Files\MiKTeX\tex/latex/docmute\docmute.sty
Package: docmute 2012/03/22 v1.4 Input stand-alone documents
)
(C:\Program Files\MiKTeX\tex/latex/bidi\float-xetex-bidi.def
File: float-xetex-bidi.def 2013/04/04 v0.2 bidi adaptations for float package f
or XeTeX engine
)

LaTeX Warning: Unused global option(s):
    [oneside,openany].

(thesis_full_toc_persian_v3.aux)
\openout1 = `thesis_full_toc_persian_v3.aux'.

LaTeX Font Info:    Checking defaults for OML/cmm/m/it on input line 71.
LaTeX Font Info:    ... okay on input line 71.
LaTeX Font Info:    Checking defaults for OMS/cmsy/m/n on input line 71.
LaTeX Font Info:    ... okay on input line 71.
LaTeX Font Info:    Checking defaults for OT1/cmr/m/n on input line 71.
LaTeX Font Info:    ... okay on input line 71.
LaTeX Font Info:    Checking defaults for T1/cmr/m/n on input line 71.
LaTeX Font Info:    ... okay on input line 71.
LaTeX Font Info:    Checking defaults for TS1/cmr/m/n on input line 71.
LaTeX Font Info:    ... okay on input line 71.
LaTeX Font Info:    Checking defaults for TU/lmr/m/n on input line 71.
LaTeX Font Info:    ... okay on input line 71.
LaTeX Font Info:    Checking defaults for OMX/cmex/m/n on input line 71.
LaTeX Font Info:    ... okay on input line 71.
LaTeX Font Info:    Checking defaults for U/cmr/m/n on input line 71.
LaTeX Font Info:    ... okay on input line 71.
LaTeX Font Info:    Checking defaults for PD1/pdf/m/n on input line 71.
LaTeX Font Info:    ... okay on input line 71.
LaTeX Font Info:    Checking defaults for PU/pdf/m/n on input line 71.
LaTeX Font Info:    ... okay on input line 71.

*geometry* driver: auto-detecting
*geometry* detected driver: xetex
*geometry* verbose mode - [ preamble ] result:
* driver: xetex
* paper: <default>
* layout: <same size as paper>
* layoutoffset:(h,v)=(0.0pt,0.0pt)
* modes: 
* h-part:(L,W,R)=(71.13188pt, 426.79135pt, 99.58464pt)
* v-part:(T,H,B)=(85.35826pt, 688.5567pt, 71.13188pt)
* \paperwidth=597.50787pt
* \paperheight=845.04684pt
* \textwidth=426.79135pt
* \textheight=688.5567pt
* \oddsidemargin=-1.1381pt
* \evensidemargin=-1.1381pt
* \topmargin=-18.78552pt
* \headheight=16.0pt
* \headsep=19.8738pt
* \topskip=12.0pt
* \footskip=30.0pt
* \marginparwidth=38.0pt
* \marginparsep=7.0pt
* \columnsep=10.0pt
* \skip\footins=10.8pt plus 4.0pt minus 2.0pt
* \hoffset=0.0pt
* \voffset=0.0pt
* \mag=1000
* \@twocolumnfalse
* \@twosidefalse
* \@mparswitchfalse
* \@reversemarginfalse
* (1in=72.27pt=25.4mm, 1cm=28.453pt)

(C:\Program Files\MiKTeX\tex/latex/graphics\color.sty
Package: color 2025/01/14 v1.3e Standard LaTeX Color (DPC)

(C:\Program Files\MiKTeX\tex/latex/graphics-cfg\color.cfg
File: color.cfg 2016/01/02 v1.6 sample color configuration
)
Package color Info: Driver file: xetex.def on input line 149.

(C:\Program Files\MiKTeX\tex/latex/graphics\mathcolor.ltx))
(C:\Program Files\MiKTeX\tex/latex/bidi\color-xetex-bidi.def
File: color-xetex-bidi.def 2013/04/08 v0.2 bidi adaptations for color package f
or XeTeX engine
LaTeX Info: Redefining \color on input line 50.
)
Package hyperref Info: Link coloring ON on input line 71.

(thesis_full_toc_persian_v3.out) (thesis_full_toc_persian_v3.out)
\@outlinefile=\write4
\openout4 = `thesis_full_toc_persian_v3.out'.

\docmute@nestinglevel=\count387
File: Images/besm.jpg Graphic file (type bmp)
<Images/besm.jpg>
 [1

]
File: Images/logo.jpg Graphic file (type bmp)
<Images/logo.jpg>
LaTeX Font Info:    Font shape `TU/XBNiloofar(0)/m/n' will be
(Font)              scaled to size 24.88pt on input line 80.
LaTeX Font Info:    Font shape `TU/XBTitre(0)/m/n' will be
(Font)              scaled to size 24.88pt on input line 80.
LaTeX Font Info:    Font shape `TU/XBNiloofar(0)/m/n' will be
(Font)              scaled to size 17.28pt on input line 80.
LaTeX Font Info:    Font shape `TU/XBNiloofar(0)/b/n' will be
(Font)              scaled to size 17.28pt on input line 80.
LaTeX Font Info:    Font shape `TU/XBNiloofar(1)/m/n' will be
(Font)              scaled to size 14.4pt on input line 80.
 [2]
LaTeX Font Info:    Font shape `TU/XBTitre(0)/m/n' will be
(Font)              scaled to size 17.28pt on input line 81.
LaTeX Font Info:    Font shape `TU/XBNiloofar(1)/m/n' will be
(Font)              scaled to size 12.0pt on input line 81.

[1] [2]
LaTeX Font Info:    Trying to load font information for U+msa on input line 84.

 (C:\Program Files\MiKTeX\tex/latex/amsfonts\umsa.fd
File: umsa.fd 2013/01/14 v3.01 AMS symbols A
)
LaTeX Font Info:    Trying to load font information for U+msb on input line 84.


(C:\Program Files\MiKTeX\tex/latex/amsfonts\umsb.fd
File: umsb.fd 2013/01/14 v3.01 AMS symbols B
)
LaTeX Font Info:    Font shape `TU/XBNiloofar(2)/m/n' will be
(Font)              scaled to size 12.0pt on input line 84.
LaTeX Font Info:    Font shape `TU/XBNiloofar(2)/m/n' will be
(Font)              scaled to size 8.0pt on input line 84.
LaTeX Font Info:    Font shape `TU/XBNiloofar(2)/m/n' will be
(Font)              scaled to size 6.0pt on input line 84.
LaTeX Font Info:    Font shape `TU/XBNiloofar(2)/bx/n' in size <12> not availab
le
(Font)              Font shape `TU/XBNiloofar(2)/b/n' tried instead on input li
ne 84.
LaTeX Font Info:    Font shape `TU/XBNiloofar(2)/b/n' will be
(Font)              scaled to size 12.0pt on input line 84.
LaTeX Font Info:    Font shape `TU/XBNiloofar(2)/bx/n' in size <8> not availabl
e
(Font)              Font shape `TU/XBNiloofar(2)/b/n' tried instead on input li
ne 84.
LaTeX Font Info:    Font shape `TU/XBNiloofar(2)/b/n' will be
(Font)              scaled to size 8.0pt on input line 84.
LaTeX Font Info:    Font shape `TU/XBNiloofar(2)/bx/n' in size <6> not availabl
e
(Font)              Font shape `TU/XBNiloofar(2)/b/n' tried instead on input li
ne 84.
LaTeX Font Info:    Font shape `TU/XBNiloofar(2)/b/n' will be
(Font)              scaled to size 6.0pt on input line 84.
LaTeX Font Info:    Font shape `TU/XBNiloofar(2)/m/it' will be
(Font)              scaled to size 12.0pt on input line 84.
LaTeX Font Info:    Font shape `TU/XBNiloofar(2)/m/it' will be
(Font)              scaled to size 8.0pt on input line 84.
LaTeX Font Info:    Font shape `TU/XBNiloofar(2)/m/it' will be
(Font)              scaled to size 6.0pt on input line 84.
 [3] [4]
LaTeX Font Info:    Font shape `TU/XBNiloofar(0)/b/n' will be
(Font)              scaled to size 24.88pt on input line 87.
LaTeX Font Info:    Font shape `TU/XBNiloofar(0)/m/it' will be
(Font)              scaled to size 12.0pt on input line 90.
 [5

] [6]
LaTeX Font Info:    Font shape `TU/TimesNewRoman(0)/m/n' will be
(Font)              scaled to size 10.79993pt on input line 103.
 [7]
(thesis_full_toc_persian_v3.toc
LaTeX Font Info:    Font shape `TU/XBNiloofar(1)/b/n' will be
(Font)              scaled to size 12.0pt on input line 5.
 [8]
Overfull \hbox (0.27191pt too wide) detected at line 65
\TU/XBNiloofar(1)/m/n/12 ۲\TU/XBNiloofar(0)/m/n/12 -‏\TU/XBNiloofar(1)/m/n/12 ۷
\TU/XBNiloofar(0)/m/n/12 -‏\TU/XBNiloofar(1)/m/n/12 ۱۰ 
 []

[9]
Overfull \hbox (6.73373pt too wide) in paragraph at lines 76--76
 [][][] [][][][][][][]\TU/XBNiloofar(0)/m/n/12 ناکارآمدی مکانیزم بازپخش تجربه ب
ا نگاه به گذشته ([]\TU/TimesNewRoman(0)/m/n/12 HER[]\TU/XBNiloofar(0)/m/n/12 ) 
در محیط‌های آستانه‌محور[][][][][][] [] [] 
 []

[10]
Overfull \hbox (0.27191pt too wide) detected at line 122
\TU/XBNiloofar(1)/m/n/12 ۴\TU/XBNiloofar(0)/m/n/12 -‏\TU/XBNiloofar(1)/m/n/12 ۱
۰\TU/XBNiloofar(0)/m/n/12 -‏\TU/XBNiloofar(1)/m/n/12 ۱ 
 []


Overfull \hbox (0.27191pt too wide) detected at line 123
\TU/XBNiloofar(1)/m/n/12 ۴\TU/XBNiloofar(0)/m/n/12 -‏\TU/XBNiloofar(1)/m/n/12 ۱
۰\TU/XBNiloofar(0)/m/n/12 -‏\TU/XBNiloofar(1)/m/n/12 ۲ 
 []


Overfull \hbox (0.27191pt too wide) detected at line 124
\TU/XBNiloofar(1)/m/n/12 ۴\TU/XBNiloofar(0)/m/n/12 -‏\TU/XBNiloofar(1)/m/n/12 ۱
۰\TU/XBNiloofar(0)/m/n/12 -‏\TU/XBNiloofar(1)/m/n/12 ۳ 
 []


Overfull \hbox (0.27191pt too wide) detected at line 126
\TU/XBNiloofar(1)/m/n/12 ۴\TU/XBNiloofar(0)/m/n/12 -‏\TU/XBNiloofar(1)/m/n/12 ۱
۱\TU/XBNiloofar(0)/m/n/12 -‏\TU/XBNiloofar(1)/m/n/12 ۱ 
 []

[11] [12])
\tf@toc=\write5
\openout5 = `thesis_full_toc_persian_v3.toc'.

 [13] (thesis_full_toc_persian_v3.lot [14])
\tf@lot=\write6
\openout6 = `thesis_full_toc_persian_v3.lot'.

 [15]
(thesis_full_toc_persian_v3.lof
Overfull \hbox (0.1547pt too wide) in paragraph at lines 5--5
 [][][] [][][][][][][]\TU/XBNiloofar(0)/m/n/12 داشبورد تحلیل عدم قطعیت محیطی []
\TU/TimesNewRoman(0)/m/n/12 DARTSim[]\TU/XBNiloofar(0)/m/n/12 : توزیع تصادفی‌بو
دن گذارها، عدم‌قطعیت[][][][][] 
 []


Overfull \hbox (17.64609pt too wide) in paragraph at lines 10--10
 [][][][][]\TU/XBNiloofar(0)/m/n/12 میان سیستم مدیریت‌شونده، محیط، و مؤلفه‌های 
کنترلی را به همراه مخزن دانش ([]\TU/TimesNewRoman(0)/m/n/12 Knowledge[]\TU/XBNi
loofar(0)/m/n/12 )[][][][][] 
 []


Overfull \hbox (5.55508pt too wide) in paragraph at lines 11--11
 [][][] [][][][][][][]\TU/XBNiloofar(0)/m/n/12 نمودار فعالیت تفصیلی UML با خطوط
 شناوری ([]\TU/TimesNewRoman(0)/m/n/12 Swimlanes[]\TU/XBNiloofar(0)/m/n/12 ) بر
ای تفکیک مسئولیت‌های[][][][][] 
 []

[16]
Overfull \hbox (5.99075pt too wide) in paragraph at lines 15--15
 [][][][][]\TU/XBNiloofar(0)/m/n/12 بازپخش، اعمال مکانیزم شکل‌دهی تصادفی پاداش 
پیش از محاسبات گرادیان، و به‌روزرسانی[][][][][] 
 []

LaTeX Font Info:    Font shape `TU/XBNiloofar(0)/m/n' will be
(Font)              scaled to size 8.0pt on input line 16.
LaTeX Font Info:    Font shape `TU/XBNiloofar(0)/m/n' will be
(Font)              scaled to size 6.0pt on input line 16.
)
\tf@lof=\write7
\openout7 = `thesis_full_toc_persian_v3.lof'.

 [17] [18

]
Underfull \hbox (badness 1590) in paragraph at lines 152--152
[][]\TU/XBNiloofar(0)/m/n/12 بازپخش تجربه با نگاه به گذشته[]
 []


Underfull \hbox (badness 10000) in paragraph at lines 154--154
[][][]\TU/TimesNewRoman(0)/m/n/12 Dynamic Learning-based Adap-[][]
 []


Underfull \hbox (badness 6348) in paragraph at lines 154--154
[][]\TU/TimesNewRoman(0)/m/n/12 tive System for Efficient Resource[][]
 []


Underfull \hbox (badness 3058) in paragraph at lines 155--155
[][][]\TU/TimesNewRoman(0)/m/n/12 Machine Learning for Self-Adaptive[][]
 []


Underfull \hbox (badness 6380) in paragraph at lines 155--155
[][]\TU/XBNiloofar(0)/m/n/12 یادگیری ماشین برای سیستم‌های[]
 []

[19]
Underfull \hbox (badness 2253) in paragraph at lines 166--166
[][]\TU/XBNiloofar(0)/m/n/12 فرآیند تصمیم‌گیری مارکوف بخشاً[]
 []

[20] (chapters/chapter1.tex
فصل 1.
LaTeX Font Info:    Font shape `TU/XBNiloofar(1)/b/n' will be
(Font)              scaled to size 24.88pt on input line 75.
LaTeX Font Info:    Font shape `TU/XBNiloofar(1)/b/n' will be
(Font)              scaled to size 17.28pt on input line 77.

Overfull \hbox (3.96909pt too wide) in paragraph at lines 81--82
[][]\TU/XBNiloofar(0)/m/n/12 در سال‌های اخیر، ظهور معماری‌های توزیع‌شده، رایانش
 ابری، اینترنت اشیاء ([]\TU/TimesNewRoman(0)/m/n/12 IoT[]\TU/XBNiloofar(0)/m/n/
12 ) و سیستم‌های فیزیکی-[]
 []

[1

]
LaTeX Font Info:    Font shape `TU/TimesNewRoman(0)/b/n' will be
(Font)              scaled to size 10.79993pt on input line 94.
LaTeX Font Info:    Font shape `TU/XBNiloofar(0)/m/n' will be
(Font)              scaled to size 10.95pt on input line 105.
LaTeX Font Info:    Font shape `TU/XBNiloofar(1)/m/n' will be
(Font)              scaled to size 10.95pt on input line 105.
 [2] [3] [4] [5]
Overfull \hbox (0.68716pt too wide) in paragraph at lines 180--181
[]\TU/XBNiloofar(1)/m/n/12 ۲۰۲۱\TU/XBNiloofar(0)/m/n/12 ) [[]، []] نشان داده‌ان
د که اگرچه الگوریتم‌های بهینه‌سازی تصادفی کارایی مناسبی در فضاهای[]
 []

[6]
LaTeX Font Info:    Font shape `TU/XBNiloofar(1)/m/it' will be
(Font)              scaled to size 12.0pt on input line 186.
LaTeX Font Info:    Font shape `TU/TimesNewRoman(0)/m/it' will be
(Font)              scaled to size 10.79993pt on input line 186.
 [7]
LaTeX Font Info:    Font shape `TU/XBNiloofar(1)/b/n' will be
(Font)              scaled to size 14.4pt on input line 216.
LaTeX Font Info:    Font shape `TU/TimesNewRoman(0)/b/n' will be
(Font)              scaled to size 12.9599pt on input line 216.
 [8]
Overfull \hbox (4.7067pt too wide) in paragraph at lines 235--237
[]\TU/XBNiloofar(0)/m/n/12 بسیار بالا در مواجهه با ابعاد \TU/XBNiloofar(1)/m/n/
12 ۴۰۹۶ \TU/XBNiloofar(0)/m/n/12 با اخلال مواجه می‌شوند، روش پیشنهادی با کاهش ز
مان تصمیم‌گیری[]
 []

[9]
Overfull \hbox (10.38144pt too wide) in paragraph at lines 238--240
[][]\TU/XBNiloofar(0)/b/n/12 نوآوری چهارم: معماری جداسازی زمانی ([]\TU/TimesNew
Roman(0)/b/n/12 Temporal Separation[]\TU/XBNiloofar(0)/b/n/12 ): \TU/XBNiloofar
(0)/m/n/12 توسعه یک متدولوژی سازماندهی[]
 []

[10] [11]
Overfull \hbox (2.94888pt too wide) in paragraph at lines 286--288
[][]\TU/XBNiloofar(0)/b/n/12 فصل \TU/XBNiloofar(1)/b/n/12 ۶\TU/XBNiloofar(0)/b/
n/12 : بحث و نتیجه‌گیری \TU/XBNiloofar(0)/m/n/12 در نهایت، این فصل مصالحه‌های ر
فتاری، محدودیت‌های فنی و دستاوردهای[]
 []

) (chapters/chapter2.tex [12]
فصل 2.
[13

] [14] [15]
Overfull \hbox (9.10123pt too wide) in paragraph at lines 127--128
[]\TU/XBNiloofar(0)/m/n/12 عدم قطعیت در مهندسی نرم‌افزار خودوفق به هرگونه نقص د
ر اطلاعات، نویز در داده‌ها یا ماهیت غیرقابل‌پیش‌بینی[]
 []

[16]
Overfull \hbox (2.09784pt too wide) in paragraph at lines 148--149
[][]\TU/XBNiloofar(0)/b/n/12 افتادن در دام بهینه‌های محلی ([]\TU/TimesNewRoman(
0)/b/n/12 Local Optima Traps[]\TU/XBNiloofar(0)/b/n/12 ): \TU/XBNiloofar(0)/m/n
/12 به دلیل ماهیت غیرایستای ([]\TU/TimesNewRoman(0)/m/n/12 non-stationary[]\TU/
XBNiloofar(0)/m/n/12 )[]
 []

[17]
Overfull \hbox (8.97626pt too wide) in paragraph at lines 165--166
[] []\TU/XBNiloofar(0)/b/n/12 فرآیندهای تصمیم‌گیری مارکوف ([]\TU/TimesNewRoman(
0)/b/n/12 MDP[]\TU/XBNiloofar(0)/b/n/12 ):[] \TU/XBNiloofar(0)/m/n/12 فرآیند تص
میم‌گیری مارکوف چارچوب ریاضی استاندارد و بی‌بدیلی[]
 []

[18] [19]
Overfull \hbox (19.63446pt too wide) detected at line 208
\OML/cmm/m/it/12 V[]\OT1/cmr/m/n/12 (\OML/cmm/m/it/12 s[]\OT1/cmr/m/n/12 ) = []
[][] + [][][] []  =[]\OMS/cmsy/m/n/12 )  \OML/cmm/m/it/12 V[]\OT1/cmr/m/n/12 (\
OML/cmm/m/it/12 s[]\OT1/cmr/m/n/12 ) = [][][] + [][][][]\OML/cmm/m/it/12 V[]\OT
1/cmr/m/n/12 (\OML/cmm/m/it/12 s[]\OT1/cmr/m/n/12 ) + [][][][]\OML/cmm/m/it/12 
V[]\OT1/cmr/m/n/12 (\OML/cmm/m/it/12 s[]\OT1/cmr/m/n/12 )
 []


Overfull \hbox (45.41571pt too wide) detected at line 209
\OML/cmm/m/it/12 V[]\OT1/cmr/m/n/12 (\OML/cmm/m/it/12 s[]\OT1/cmr/m/n/12 ) = []
[][] + [][][] []  =[]\OMS/cmsy/m/n/12 )  \OML/cmm/m/it/12 V[]\OT1/cmr/m/n/12 (\
OML/cmm/m/it/12 s[]\OT1/cmr/m/n/12 ) = [][][] + [][][][][]\OML/cmm/m/it/12 V[]\
OT1/cmr/m/n/12 (\OML/cmm/m/it/12 s[]\OT1/cmr/m/n/12 ) + [][][][][]\OML/cmm/m/it
/12 V[]\OT1/cmr/m/n/12 (\OML/cmm/m/it/12 s[]\OT1/cmr/m/n/12 )
 []

[20]
Underfull \hbox (badness 5231) in paragraph at lines 253--253
[]\TU/XBNiloofar(0)/m/n/12 اساس فرضیه اقدام بهینه آتی صورت[]
 []


Underfull \hbox (badness 4699) in paragraph at lines 253--253
[][]$\OML/cmm/m/it/12 Q\OT1/cmr/m/n/12 (\OML/cmm/m/it/12 s; a\OT1/cmr/m/n/12 ) 
\OMS/cmsy/m/n/12   \OML/cmm/m/it/12 Q\OT1/cmr/m/n/12 (\OML/cmm/m/it/12 s; a\OT1
/cmr/m/n/12 ) + \OML/cmm/m/it/12 ^^K\OT1/cmr/m/n/12 [\OML/cmm/m/it/12 r \OT1/cm
r/m/n/12 +$[]
 []


Underfull \hbox (badness 4699) in paragraph at lines 253--253
[][]$\OML/cmm/m/it/12 Q\OT1/cmr/m/n/12 (\OML/cmm/m/it/12 s; a\OT1/cmr/m/n/12 ) 
\OMS/cmsy/m/n/12   \OML/cmm/m/it/12 Q\OT1/cmr/m/n/12 (\OML/cmm/m/it/12 s; a\OT1
/cmr/m/n/12 ) + \OML/cmm/m/it/12 ^^K\OT1/cmr/m/n/12 [\OML/cmm/m/it/12 r \OT1/cm
r/m/n/12 +$[]
 []


Underfull \hbox (badness 3492) in paragraph at lines 253--253
[]\TU/XBNiloofar(0)/m/n/12 از سیاست جاریِ محافظه‌کارانه تبعیت[]
 []


LaTeX Warning: `!h' float specifier changed to `!ht'.

[21] [22]
File: figures/DeltaIoTv1.png Graphic file (type bmp)
<figures/DeltaIoTv1.png>
 [23] [24] [25] [26] [27]
Overfull \hbox (11.50887pt too wide) in paragraph at lines 405--408
[][]\TU/XBNiloofar(0)/b/n/12 اثبات صوری از طریق کاهش: \TU/XBNiloofar(0)/m/n/12 
برای اثبات، این مسئله را به مسئله کوله‌پشتی چندبعدی ([]\TU/TimesNewRoman(0)/m/n
/12 Multi-Dimensional[][]
 []

[28]
LaTeX Font Info:    Font shape `TU/TimesNewRoman(0)/b/n' will be
(Font)              scaled to size 15.55188pt on input line 428.

Overfull \hbox (6.25345pt too wide) in paragraph at lines 431--432
[]\TU/XBNiloofar(0)/m/n/12 شبیه‌ساز مأموریت []\TU/TimesNewRoman(0)/m/n/12 DARTS
im[] \TU/XBNiloofar(0)/m/n/12 [[]] یک بستر شبیه‌سازی فیزیکی-سایبری هوایی برای ا
رزیابی تصمیم‌گیری‌های[]
 []

[29]
File: figures/dartsim_system_diagram.png Graphic file (type bmp)
<figures/dartsim_system_diagram.png>
 [30]
Overfull \hbox (7.04865pt too wide) in paragraph at lines 484--485
[][]\TU/XBNiloofar(0)/b/n/12 بدنه پهپادها ([]\TU/TimesNewRoman(0)/b/n/12 UAV Fl
eet[]\TU/XBNiloofar(0)/b/n/12 ): \TU/XBNiloofar(0)/m/n/12 شامل دسته‌ای از پهپاد
ها که دارای حسگرهای شناسایی هدف، اخلال‌گرهای[]
 []

[31]
Overfull \hbox (8.80096pt too wide) in paragraph at lines 504--505
[][]\TU/XBNiloofar(0)/b/n/12 اقدامات کنترل اخلال‌گر: \TU/XBNiloofar(0)/m/n/12 ش
امل روشن یا خاموش کردن سیستم اخلال الکترونیکی ([]\TU/TimesNewRoman(0)/m/n/12 Ec
mOn[]\TU/XBNiloofar(0)/m/n/12 ، []\TU/TimesNewRoman(0)/m/n/12 EcmOff[]\TU/XBNil
oofar(0)/m/n/12 ). []
 []


Overfull \hbox (7.25237pt too wide) in paragraph at lines 511--512
[]\TU/XBNiloofar(0)/m/n/12 ویژگی متمایزکننده‌ی []\TU/TimesNewRoman(0)/m/n/12 DA
RTSim[] \TU/XBNiloofar(0)/m/n/12 و دلیل اصلی تناسب آن با موضوع این رساله، ماهیت
 ذاتاً تصادفی ([]\TU/TimesNewRoman(0)/m/n/12 Stochastic[]\TU/XBNiloofar(0)/m/n/
12 )[]
 []

File: figures/dartsim_uncertainty_overview.png Graphic file (type bmp)
<figures/dartsim_uncertainty_overview.png>
[32]
File: figures/dartsim_sensor_uncertainty.png Graphic file (type bmp)
<figures/dartsim_sensor_uncertainty.png>
 [33] [34] [35]
File: figures/dartsim_scenarios.png Graphic file (type bmp)
<figures/dartsim_scenarios.png>
 [36]) (chapters/chapter3.tex
فصل 3.

Overfull \hbox (2.73569pt too wide) in paragraph at lines 87--88
[][]\TU/XBNiloofar(0)/b/n/12 مدیریت پویایی و عدم‌قطعیت زمان‌اجرا ([]\TU/TimesNe
wRoman(0)/b/n/12 Handling of Non-Stationarity[]\TU/XBNiloofar(0)/b/n/12 ): \TU/
XBNiloofar(0)/m/n/12 پایداری عملکرد سیستم[]
 []

[37

]
Overfull \hbox (3.12537pt too wide) in paragraph at lines 89--90
[][]\TU/XBNiloofar(0)/b/n/12 مقیاس‌پذیری و کارایی محاسباتی ([]\TU/TimesNewRoman
(0)/b/n/12 Real-Time Scalability[]\TU/XBNiloofar(0)/b/n/12 ): \TU/XBNiloofar(0)
/m/n/12 توانایی تصمیم‌گیری آنلاین در محدوده[]
 []

LaTeX Font Info:    Font shape `TU/XBNiloofar(1)/m/n' will be
(Font)              scaled to size 8.0pt on input line 91.
LaTeX Font Info:    Font shape `TU/XBNiloofar(0)/m/n' will be
(Font)              scaled to size 10.0pt on input line 91.
LaTeX Font Info:    Font shape `TU/XBNiloofar(2)/m/n' will be
(Font)              scaled to size 10.0pt on input line 91.
LaTeX Font Info:    Font shape `TU/XBNiloofar(2)/m/n' will be
(Font)              scaled to size 7.0pt on input line 91.
LaTeX Font Info:    Font shape `TU/XBNiloofar(2)/m/n' will be
(Font)              scaled to size 5.0pt on input line 91.
LaTeX Font Info:    Font shape `TU/XBNiloofar(2)/bx/n' in size <10> not availab
le
(Font)              Font shape `TU/XBNiloofar(2)/b/n' tried instead on input li
ne 91.
LaTeX Font Info:    Font shape `TU/XBNiloofar(2)/b/n' will be
(Font)              scaled to size 10.0pt on input line 91.
LaTeX Font Info:    Font shape `TU/XBNiloofar(2)/bx/n' in size <7> not availabl
e
(Font)              Font shape `TU/XBNiloofar(2)/b/n' tried instead on input li
ne 91.
LaTeX Font Info:    Font shape `TU/XBNiloofar(2)/b/n' will be
(Font)              scaled to size 7.0pt on input line 91.
LaTeX Font Info:    Font shape `TU/XBNiloofar(2)/bx/n' in size <5> not availabl
e
(Font)              Font shape `TU/XBNiloofar(2)/b/n' tried instead on input li
ne 91.
LaTeX Font Info:    Font shape `TU/XBNiloofar(2)/b/n' will be
(Font)              scaled to size 5.0pt on input line 91.
LaTeX Font Info:    Font shape `TU/XBNiloofar(2)/m/it' will be
(Font)              scaled to size 10.0pt on input line 91.
LaTeX Font Info:    Font shape `TU/XBNiloofar(2)/m/it' will be
(Font)              scaled to size 7.0pt on input line 91.
LaTeX Font Info:    Font shape `TU/XBNiloofar(2)/m/it' will be
(Font)              scaled to size 5.0pt on input line 91.
LaTeX Font Info:    Font shape `TU/XBNiloofar(0)/m/n' will be
(Font)              scaled to size 7.0pt on input line 91.
LaTeX Font Info:    Font shape `TU/XBNiloofar(1)/m/n' will be
(Font)              scaled to size 7.0pt on input line 91.
LaTeX Font Info:    Font shape `TU/XBNiloofar(1)/m/n' will be
(Font)              scaled to size 10.0pt on input line 91.
LaTeX Font Info:    Font shape `TU/TimesNewRoman(0)/m/n' will be
(Font)              scaled to size 8.99994pt on input line 91.
[38] [39] [40]
Overfull \hbox (5.22455pt too wide) in paragraph at lines 148--151
[]\TU/XBNiloofar(0)/m/n/12 استانداردهای یادگیری تقویتی عمیق (نظیر []\TU/TimesNe
wRoman(0)/m/n/12 DQN[] \TU/XBNiloofar(0)/m/n/12 با مکانیزم اکتشاف حریصانه‌ی سنت
ی []$\OML/cmm/m/it/12 ^^O$\TU/TimesNewRoman(0)/m/n/12 -greedy[]\TU/XBNiloofar(0
)/m/n/12 ) در سیستم‌های[]
 []

[41]
Overfull \hbox (0.57388pt too wide) in paragraph at lines 155--156
[]\TU/XBNiloofar(0)/m/n/12 تکنیک‌های پیشرفته در سه حوزه کلیدی است: مدیریت فرآین
د کاوش در فضاهای وسیع، استفاده از مکانیزم‌های[]
 []

[42]
Overfull \hbox (24.09526pt too wide) in paragraph at lines 173--174
[][]\TU/XBNiloofar(0)/b/n/12 طراحی هدف‌محور ([]\TU/TimesNewRoman(0)/b/n/12 Goal
-Conditioned[]\TU/XBNiloofar(0)/b/n/12 ) در مقابل ماهیت آستانه‌محور ([]\TU/Time
sNewRoman(0)/b/n/12 Threshold-Based[]\TU/XBNiloofar(0)/b/n/12 ) خودوفقی:[]
 []

[43] [44] [45] [46]
Underfull \hbox (badness 10000) in paragraph at lines 261--261
[][]\TU/XBNiloofar(0)/b/n/12 مدیریت[]
 []


Underfull \hbox (badness 10000) in paragraph at lines 261--261
[]\TU/XBNiloofar(0)/b/n/12 ابعاد بزرگ[]
 []


Underfull \hbox (badness 10000) in paragraph at lines 261--261
[][]\TU/XBNiloofar(0)/b/n/12 استواری در[]
 []


Underfull \hbox (badness 10000) in paragraph at lines 261--261
[]\TU/XBNiloofar(0)/b/n/12 برابر تغییرات[]
 []


Underfull \hbox (badness 10000) in paragraph at lines 261--261
[][]\TU/XBNiloofar(0)/b/n/12 کارایی[]
 []


Underfull \hbox (badness 10000) in paragraph at lines 261--261
[]\TU/XBNiloofar(0)/b/n/12 محاسباتی[]
 []


Underfull \hbox (badness 10000) in paragraph at lines 261--261
[][]\TU/XBNiloofar(0)/b/n/12 فرار از تله[]
 []


Underfull \hbox (badness 10000) in paragraph at lines 261--261
[][]\TU/XBNiloofar(0)/b/n/12 هرس مبتنی بر[]
 []


Underfull \hbox (badness 10000) in paragraph at lines 261--261
[]\TU/XBNiloofar(0)/b/n/12 یادگیری ماشین[]
 []


Underfull \hbox (badness 10000) in paragraph at lines 261--261
[]\TU/XBNiloofar(0)/m/n/12 برچسب‌گذاری[]
 []


Underfull \hbox (badness 10000) in paragraph at lines 261--261
[][]\TU/XBNiloofar(0)/m/n/12 غیرقابل اعمال[]
 []


Underfull \hbox (badness 10000) in paragraph at lines 261--261
[]\TU/XBNiloofar(0)/m/n/12 (فقط هرس[]
 []


Underfull \hbox (badness 10000) in paragraph at lines 261--261
[][]\TU/XBNiloofar(0)/b/n/12 جستجوی[]
 []


Underfull \hbox (badness 10000) in paragraph at lines 261--261
[]\TU/XBNiloofar(0)/b/n/12 آنلاین تکاملی[]
 []


Underfull \hbox (badness 10000) in paragraph at lines 261--261
[][]\TU/XBNiloofar(0)/m/n/12 ضعیف[]
 []


Underfull \hbox (badness 10000) in paragraph at lines 261--261
[][]\TU/XBNiloofar(0)/m/n/12 متوسط (به[]
 []


Underfull \hbox (badness 10000) in paragraph at lines 261--261
[]\TU/XBNiloofar(0)/m/n/12 واسطه[]
 []


Underfull \hbox (badness 10000) in paragraph at lines 261--261
[]\TU/XBNiloofar(0)/m/n/12 جهش‌های[]
 []


Underfull \hbox (badness 10000) in paragraph at lines 261--261
[][]\TU/XBNiloofar(0)/b/n/12 یادگیری تقویتی[]
 []


Underfull \hbox (badness 10000) in paragraph at lines 261--261
[]\TU/XBNiloofar(0)/b/n/12 عمیق سنتی[]
 []


Underfull \hbox (badness 10000) in paragraph at lines 261--261
[][]\TU/XBNiloofar(0)/m/n/12 عالی (یادگیری[]
 []


Underfull \hbox (badness 2828) in paragraph at lines 261--261
[][]\TU/XBNiloofar(0)/m/n/12 عالی (کمتر از[]
 []


Underfull \hbox (badness 10000) in paragraph at lines 261--261
[][]\TU/XBNiloofar(0)/m/n/12 ضعیف (به[]
 []


Underfull \hbox (badness 10000) in paragraph at lines 261--261
[]\TU/XBNiloofar(0)/m/n/12 علت کاوش[]
 []


Underfull \hbox (badness 10000) in paragraph at lines 261--261
[]\TU/XBNiloofar(0)/m/n/12 کورکورانه[]
 []


Underfull \hbox (badness 10000) in paragraph at lines 261--261
[][]\TU/XBNiloofar(0)/m/n/12 بسیار ضعیف[]
 []


Underfull \hbox (badness 10000) in paragraph at lines 261--261
[][]\TU/XBNiloofar(0)/m/n/12 عالی (تضمین[]
 []


Underfull \hbox (badness 10000) in paragraph at lines 261--261
[][]\TU/XBNiloofar(0)/m/n/12 بسیار ضعیف[]
 []


Underfull \hbox (badness 10000) in paragraph at lines 261--261
[]\TU/XBNiloofar(0)/m/n/12 (سربار شدید[]
 []


Underfull \hbox (badness 10000) in paragraph at lines 261--261
[]\TU/XBNiloofar(0)/m/n/12 محاسبات[]
 []


Underfull \hbox (badness 10000) in paragraph at lines 261--261
[][]\TU/XBNiloofar(0)/m/n/12 متوسط (تنها[]
 []


Underfull \hbox (badness 10000) in paragraph at lines 261--261
[][]\TU/XBNiloofar(0)/b/n/12 روش پیشنهادی[]
 []


Underfull \hbox (badness 10000) in paragraph at lines 261--261
[][]\TU/XBNiloofar(0)/b/n/12 عالی (استفاده[]
 []


Underfull \hbox (badness 2564) in paragraph at lines 261--261
[]\TU/XBNiloofar(0)/b/n/12 از شبکه عمیق[]
 []


Underfull \hbox (badness 10000) in paragraph at lines 261--261
[]\TU/XBNiloofar(0)/b/n/12 بدون فیلتر[]
 []


Underfull \hbox (badness 10000) in paragraph at lines 261--261
[][]\TU/XBNiloofar(0)/b/n/12 عالی (انطباق[]
 []


Underfull \hbox (badness 10000) in paragraph at lines 261--261
[]\TU/XBNiloofar(0)/b/n/12 با تغییرات به[]
 []


Underfull \hbox (badness 3635) in paragraph at lines 261--261
[]\TU/XBNiloofar(0)/b/n/12 واسطه پتانسیل[]
 []


Underfull \hbox (badness 4647) in paragraph at lines 261--261
[][]\TU/XBNiloofar(0)/b/n/12 عالی (یادگیری[]
 []


Underfull \hbox (badness 2884) in paragraph at lines 261--261
[]\TU/XBNiloofar(0)/b/n/12 کاملاً آنلاین و[]
 []


Underfull \hbox (badness 1728) in paragraph at lines 261--261
[][]\TU/XBNiloofar(0)/b/n/12 عالی (کمتر از[]
 []


Underfull \hbox (badness 10000) in paragraph at lines 261--261
[]\TU/XBNiloofar(0)/b/n/12 چند میلی‌ثانیه[]
 []


Overfull \hbox (11.43901pt too wide) in paragraph at lines 273--275
[][]\TU/XBNiloofar(0)/b/n/12 شکاف دوم: عدم تطابق مکانیزم‌های نگاه به گذشته با ا
هداف آستانه‌محور خودوفقی ([]\TU/TimesNewRoman(0)/b/n/12 Goal-Threshold[][]
 []

[47] [48]
Underfull \hbox (badness 10000) in paragraph at lines 307--307
[][]\TU/XBNiloofar(0)/m/n/12 ارزیابی صوری ناهمگام و استنتاج[]
 []


Underfull \hbox (badness 2343) in paragraph at lines 307--307
[][]\TU/XBNiloofar(0)/m/n/12 عدم امکان استفاده از روش‌های[]
 []


Underfull \hbox (badness 10000) in paragraph at lines 307--307
[][]\TU/XBNiloofar(0)/b/n/12 شکاف سوم[]
 []


Underfull \hbox (badness 3701) in paragraph at lines 307--307
[][]\TU/XBNiloofar(0)/m/n/12 ایستایی توابع پتانسیل شکل‌دهی[]
 []


Underfull \hbox (badness 4832) in paragraph at lines 307--307
[][]\TU/XBNiloofar(0)/m/n/12 شکل‌دهی پویای پاداش با به‌روزرسانی[]
 []

[49] [50] [51]) (chapters/chapter4.tex
فصل 4.
[52

]
File: figures/system-context.png Graphic file (type bmp)
<figures/system-context.png>
 [53] [54]
Underfull \hbox (badness 10000) in paragraph at lines 261--261
[][]\TU/XBNiloofar(0)/b/n/12 رویکرد[]
 []


Underfull \hbox (badness 10000) in paragraph at lines 261--261
[]\TU/XBNiloofar(0)/b/n/12 DLASER+[]
 []


Underfull \hbox (badness 10000) in paragraph at lines 261--261
[][]\TU/XBNiloofar(0)/b/n/12 رویکرد[]
 []


Underfull \hbox (badness 10000) in paragraph at lines 261--261
[]\TU/XBNiloofar(0)/b/n/12 ML\TU/XBNiloofar(1)/b/n/12 ۴\TU/XBNiloofar(0)/b/n/12
 EAS[]
 []


Underfull \hbox (badness 10000) in paragraph at lines 261--261
[][]\TU/XBNiloofar(0)/b/n/12 رویکردهای[]
 []


Underfull \hbox (badness 10000) in paragraph at lines 261--261
[]\TU/XBNiloofar(0)/b/n/12 وارسی صوری[]
 []


Underfull \hbox (badness 10000) in paragraph at lines 261--261
[]\TU/XBNiloofar(0)/b/n/12 زمان اجرا[]
 []


Underfull \hbox (badness 10000) in paragraph at lines 261--261
[][]\TU/XBNiloofar(0)/m/n/12 جداسازی زمانی[]
 []


Underfull \hbox (badness 10000) in paragraph at lines 261--261
[][]\TU/XBNiloofar(0)/m/n/12 غیرجداسازی[]
 []


Underfull \hbox (badness 10000) in paragraph at lines 261--261
[][]\TU/XBNiloofar(0)/m/n/12 فاقد یادگیری[]
 []


Underfull \hbox (badness 10000) in paragraph at lines 261--261
[][]\TU/XBNiloofar(0)/m/n/12 غیرجداسازی[]
 []


Underfull \hbox (badness 10000) in paragraph at lines 261--261
[]\TU/XBNiloofar(0)/m/n/12 (تأخیر شدید[]
 []


Underfull \hbox (badness 10000) in paragraph at lines 261--261
[][]\TU/XBNiloofar(0)/m/n/12 مکانیزم فرار از[]
 []


Underfull \hbox (badness 10000) in paragraph at lines 261--261
[][]\TU/XBNiloofar(0)/m/n/12 فاقد مکانیزم[]
 []


Underfull \hbox (badness 10000) in paragraph at lines 261--261
[]\TU/XBNiloofar(0)/m/n/12 (کاوش[]
 []


Underfull \hbox (badness 10000) in paragraph at lines 261--261
[][]\TU/XBNiloofar(0)/m/n/12 جستجوی کامل[]
 []


Underfull \hbox (badness 1102) in paragraph at lines 261--261
[]\TU/XBNiloofar(0)/m/n/12 و پرهزینه فضای[]
 []


Underfull \hbox (badness 10000) in paragraph at lines 261--261
[][]\TU/XBNiloofar(0)/m/n/12 نیاز به فرمول‌بندی[]
 []


Underfull \hbox (badness 4846) in paragraph at lines 261--261
[][]\TU/XBNiloofar(0)/m/n/12 صفر (یادگیری مستقل[]
 []


Underfull \hbox (badness 10000) in paragraph at lines 261--261
[][]\TU/XBNiloofar(0)/m/n/12 بالا (مهندسی[]
 []


Underfull \hbox (badness 10000) in paragraph at lines 261--261
[][]\TU/XBNiloofar(0)/m/n/12 کامل (مدل[]
 []


Underfull \hbox (badness 10000) in paragraph at lines 261--261
[]\TU/XBNiloofar(0)/m/n/12 صوری جامع[]
 []


Underfull \hbox (badness 10000) in paragraph at lines 261--261
[][]\TU/XBNiloofar(0)/m/n/12 تضمین صوری[]
 []


Underfull \hbox (badness 10000) in paragraph at lines 261--261
[][]\TU/XBNiloofar(0)/m/n/12 پیش‌بینی‌های[]
 []


Underfull \hbox (badness 6691) in paragraph at lines 261--261
[][]\TU/XBNiloofar(0)/m/n/12 فیلترهای صوری[]
 []


Underfull \hbox (badness 10000) in paragraph at lines 261--261
[][]\TU/XBNiloofar(0)/m/n/12 پیچیدگی محاسباتی[]
 []


Underfull \hbox (badness 10000) in paragraph at lines 261--261
[][]\TU/XBNiloofar(0)/m/n/12 شبه‌خطی[]
 []


Underfull \hbox (badness 10000) in paragraph at lines 261--261
[][]\TU/XBNiloofar(0)/m/n/12 شبه‌لوگاریتمی[]
 []


Underfull \hbox (badness 10000) in paragraph at lines 261--261
[][]\TU/XBNiloofar(0)/m/n/12 توان‌نمایی و[]
 []


Underfull \hbox (badness 10000) in paragraph at lines 261--261
[]\TU/XBNiloofar(0)/m/n/12 ان‌پی-سخت[]
 []

[55]
File: figures/process-workflow.png Graphic file (type bmp)
<figures/process-workflow.png>
 [56] [57]
Overfull \hbox (10.3958pt too wide) in paragraph at lines 384--385
[][]\TU/XBNiloofar(0)/m/n/12 این فرآیند یک \TU/XBNiloofar(0)/b/n/12 استنتاج خال
ص \TU/XBNiloofar(0)/m/n/12 ([]\TU/TimesNewRoman(0)/m/n/12 Pure Inference[]\TU/X
BNiloofar(0)/m/n/12 ) است؛ وزن‌های شبکه عصبی ($\OML/cmm/m/it/12 ^^R$\TU/XBNiloo
far(0)/m/n/12 ) در این مسیر تصمیم‌گیری[]
 []

[58] [59]
Overfull \hbox (19.43834pt too wide) detected at line 479
\OML/cmm/m/it/12 s[] \OT1/cmr/m/n/12 = \OMS/cmsy/m/n/12 h\OML/cmm/m/it/12 E \OT
1/cmr/m/n/12 = [[][][]\OML/cmm/m/it/12 ; [][][]; [][][][]; [][][][]\OT1/cmr/m/n
/12 ]\OML/cmm/m/it/12 ; P \OT1/cmr/m/n/12 = [[][][][]\OML/cmm/m/it/12 ; [][][][
]; [][][][]; [][][][]\OT1/cmr/m/n/12 ]\OML/cmm/m/it/12 ; L \OT1/cmr/m/n/12 = [[
][][]\OML/cmm/m/it/12 ; [][][]; [][]; [][]\OT1/cmr/m/n/12 ]\OMS/cmsy/m/n/12 i
 []

[60] [61]
File: figures/planner-internal.png Graphic file (type bmp)
<figures/planner-internal.png>
 [62]
File: figures/reward-shaping.png Graphic file (type bmp)
<figures/reward-shaping.png>

Overfull \hbox (2.94055pt too wide) in paragraph at lines 575--576
[] []\TU/XBNiloofar(0)/b/n/12 تحلیل صوری پدیده پراکندگی پاداش ([]\TU/TimesNewRo
man(0)/b/n/12 Reward Sparsity[]\TU/XBNiloofar(0)/b/n/12 ):[] \TU/XBNiloofar(0)/
m/n/12 در فضاهای وفقی بسیار بزرگ و مقیاس‌وسیع،[]
 []

[63]
File: figures/reward-shaping.png Graphic file (type bmp)
<figures/reward-shaping.png>
 [64]
Underfull \hbox (badness 6725) in paragraph at lines 655--655
[][]\TU/XBNiloofar(0)/m/n/12 شروع فرار تدریجی؛ زمان طولانی‌تری برای[]
 []


LaTeX Warning: `!h' float specifier changed to `!ht'.

LaTeX Font Info:    Font shape `TU/XBNiloofar(2)/m/n' will be
(Font)              scaled to size 14.4pt on input line 661.
LaTeX Font Info:    Font shape `TU/XBNiloofar(2)/bx/n' in size <14.4> not avail
able
(Font)              Font shape `TU/XBNiloofar(2)/b/n' tried instead on input li
ne 661.
LaTeX Font Info:    Font shape `TU/XBNiloofar(2)/b/n' will be
(Font)              scaled to size 14.4pt on input line 661.
LaTeX Font Info:    Font shape `TU/XBNiloofar(2)/m/it' will be
(Font)              scaled to size 14.4pt on input line 661.

Package hyperref Warning: Token not allowed in a PDF string (Unicode):
(hyperref)                removing `math shift' on input line 661.


Package hyperref Warning: Token not allowed in a PDF string (Unicode):
(hyperref)                removing `\rho' on input line 661.


Package hyperref Warning: Token not allowed in a PDF string (Unicode):
(hyperref)                removing `math shift' on input line 661.

[65]
Overfull \hbox (2.2521pt too wide) in paragraph at lines 673--674
[][]\TU/XBNiloofar(0)/m/n/12 در مقادیر \TU/XBNiloofar(0)/b/n/12 مرز تحت کاوش ($
\OML/cmm/m/it/12 ^^Z < [][][]$\TU/XBNiloofar(0)/b/n/12 )\TU/XBNiloofar(0)/m/n/1
2 ، به دلیل سهم بسیار ناچیز سیگنال‌های مثبت مصنوعی خوش‌بینانه،[]
 []

! Missing $ inserted.
<inserted text> 
                $
l.678 
      
I've inserted a begin-math/end-math symbol since I think
you left one out. Proceed, with fingers crossed.

Missing character: There is no د in font cmmi12!
Missing character: There is no ر in font cmmi12!
Missing character: There is no ش in font cmmi12!
Missing character: There is no ر in font cmmi12!
Missing character: There is no ا in font cmmi12!
Missing character: There is no ی in font cmmi12!
Missing character: There is no ط in font cmmi12!
Missing character: There is no ف in font cmmi12!
Missing character: There is no ع in font cmmi12!
Missing character: There is no ل in font cmmi12!
Missing character: There is no ی in font cmmi12!
Missing character: There is no و in font cmmi12!
Missing character: There is no س in font cmmi12!
Missing character: There is no ن in font cmmi12!
Missing character: There is no ا in font cmmi12!
Missing character: There is no ر in font cmmi12!
Missing character: There is no ی in font cmmi12!
Missing character: There is no و in font cmmi12!
Missing character: There is no ه in font cmmi12!
Missing character: There is no ا in font cmmi12!
Missing character: There is no ی in font cmmi12!
Missing character: There is no آ in font cmmi12!
Missing character: There is no ز in font cmmi12!
Missing character: There is no م in font cmmi12!
Missing character: There is no ا in font cmmi12!
Missing character: There is no ی in font cmmi12!
Missing character: There is no ش in font cmmi12!
Missing character: There is no ی in font cmmi12!
Missing character: There is no ع in font cmmi12!
Missing character: There is no م in font cmmi12!
Missing character: There is no ل in font cmmi12!
Missing character: There is no ک in font cmmi12!
Missing character: There is no ر in font cmmi12!
Missing character: There is no د in font cmmi12!
Missing character: There is no ب in font cmmi12!
Missing character: There is no ه in font cmmi12!
Missing character: There is no ی in font cmmi12!
Missing character: There is no ن in font cmmi12!
Missing character: There is no ه in font cmmi12!
Missing character: There is no د in font cmmi12!
Missing character: There is no ا in font cmmi12!
Missing character: There is no ر in font cmmi12!
Missing character: There is no د in font cmmi12!
Missing character: There is no ، in font cmr12!
Missing character: There is no ا in font cmmi12!
Missing character: There is no م in font cmmi12!
Missing character: There is no ا in font cmmi12!
Missing character: There is no م in font cmmi12!
Missing character: There is no م in font cmmi12!
Missing character: There is no ک in font cmmi12!
Missing character: There is no ن in font cmmi12!
Missing character: There is no ا in font cmmi12!
Missing character: There is no س in font cmmi12!
Missing character: There is no ت in font cmmi12!
Missing character: There is no د in font cmmi12!
Missing character: There is no ر in font cmmi12!
Missing character: There is no ص in font cmmi12!
Missing character: There is no و in font cmmi12!
Missing character: There is no ر in font cmmi12!
Missing character: There is no ت in font cmmi12!
Missing character: There is no ت in font cmmi12!
Missing character: There is no غ in font cmmi12!
Missing character: There is no ی in font cmmi12!
Missing character: There is no ی in font cmmi12!
Missing character: There is no ر in font cmmi12!
Missing character: There is no د in font cmmi12!
Missing character: There is no ر in font cmmi12!
Missing character: There is no پ in font cmmi12!
Missing character: There is no و in font cmmi12!
Missing character: There is no ی in font cmmi12!
Missing character: There is no ا in font cmmi12!
Missing character: There is no ی in font cmmi12!
Missing character: There is no ی in font cmmi12!
Missing character: There is no ش in font cmmi12!
Missing character: There is no ب in font cmmi12!
Missing character: There is no ک in font cmmi12!
Missing character: There is no ه in font cmmi12!
Missing character: There is no ی in font cmmi12!
Missing character: There is no ا in font cmmi12!
Missing character: There is no ا in font cmmi12!
Missing character: There is no ه in font cmmi12!
Missing character: There is no د in font cmmi12!
Missing character: There is no ا in font cmmi12!
Missing character: There is no ف in font cmmi12!
Missing character: There is no ک in font cmmi12!
Missing character: There is no ی in font cmmi12!
Missing character: There is no ف in font cmmi12!
Missing character: There is no ی in font cmmi12!
Missing character: There is no ت in font cmmi12!
Missing character: There is no خ in font cmmi12!
Missing character: There is no د in font cmmi12!
Missing character: There is no م in font cmmi12!
Missing character: There is no ا in font cmmi12!
Missing character: There is no ت in font cmmi12!
Missing character: There is no ، in font cmr12!
Missing character: There is no ن in font cmmi12!
Missing character: There is no ی in font cmmi12!
Missing character: There is no ا in font cmmi12!
Missing character: There is no ز in font cmmi12!
Missing character: There is no ب in font cmmi12!
Missing character: There is no ه in font cmmi12!
Missing character: There is no ت in font cmmi12!
Missing character: There is no ن in font cmmi12!
Missing character: There is no ظ in font cmmi12!
Missing character: There is no ی in font cmmi12!
Missing character: There is no م in font cmmi12!
Missing character: There is no م in font cmmi12!
Missing character: There is no ج in font cmmi12!
Missing character: There is no د in font cmmi12!
Missing character: There is no د in font cmmi12!
Missing character: There is no د in font cmmi12!
Missing character: There is no ا in font cmmi12!
Missing character: There is no ش in font cmmi12!
Missing character: There is no ت in font cmmi12!
Missing character: There is no ه in font cmmi12!
Missing character: There is no ب in font cmmi12!
Missing character: There is no ا in font cmmi12!
Missing character: There is no ش in font cmmi12!
Missing character: There is no د in font cmmi12!
Missing character: There is no ب in font cmmi12!
Missing character: There is no ن in font cmmi12!
Missing character: There is no ا in font cmmi12!
Missing character: There is no ب in font cmmi12!
Missing character: There is no ر in font cmmi12!
Missing character: There is no ا in font cmmi12!
Missing character: There is no ی in font cmmi12!
Missing character: There is no ن in font cmmi12!
Missing character: There is no ، in font cmr12!
Missing character: There is no م in font cmmi12!
Missing character: There is no ی in font cmmi12!
Missing character: There is no ز in font cmmi12!
Missing character: There is no ا in font cmmi12!
Missing character: There is no ن in font cmmi12!
Missing character: There is no م in font cmmi12!
Missing character: There is no ق in font cmmi12!
Missing character: There is no ا in font cmmi12!
Missing character: There is no و in font cmmi12!
Missing character: There is no م in font cmmi12!
Missing character: There is no ب in font cmmi12!
Missing character: There is no و in font cmmi12!
Missing character: There is no د in font cmmi12!
Missing character: There is no ن in font cmmi12!
Missing character: There is no ا in font cmmi12!
Missing character: There is no ن in font cmmi12!
Missing character: There is no ت in font cmmi12!
Missing character: There is no خ in font cmmi12!
Missing character: There is no ا in font cmmi12!
Missing character: There is no ب in font cmmi12!
! Missing $ inserted.
<inserted text> 
                $
l.682 
      
I've inserted a begin-math/end-math symbol since I think
you left one out. Proceed, with fingers crossed.

Missing character: There is no ب in font cmmi12!
Missing character: There is no ه in font cmmi12!
Missing character: There is no پ in font cmmi12!
Missing character: There is no ا in font cmmi12!
Missing character: There is no ی in font cmmi12!
Missing character: There is no د in font cmmi12!
Missing character: There is no ا in font cmmi12!
Missing character: There is no ر in font cmmi12!
Missing character: There is no ی in font cmmi12!
Missing character: There is no ع in font cmmi12!
Missing character: There is no م in font cmmi12!
Missing character: There is no ل in font cmmi12!
Missing character: There is no ک in font cmmi12!
Missing character: There is no ر in font cmmi12!
Missing character: There is no د in font cmmi12!
Missing character: There is no ا in font cmmi12!
Missing character: There is no ل in font cmmi12!
Missing character: There is no گ in font cmmi12!
Missing character: There is no و in font cmmi12!
Missing character: There is no ر in font cmmi12!
Missing character: There is no ی in font cmmi12!
Missing character: There is no ت in font cmmi12!
Missing character: There is no م in font cmmi12!
Missing character: There is no د in font cmmi12!
Missing character: There is no ر in font cmmi12!
Missing character: There is no س in font cmmi12!
Missing character: There is no ن in font cmmi12!
Missing character: There is no ا in font cmmi12!
Missing character: There is no ر in font cmmi12!
Missing character: There is no ی in font cmmi12!
Missing character: There is no و in font cmmi12!
Missing character: There is no ه in font cmmi12!
Missing character: There is no ا in font cmmi12!
Missing character: There is no ی in font cmmi12!
Missing character: There is no م in font cmmi12!
Missing character: There is no خ in font cmmi12!
Missing character: There is no ت in font cmmi12!
Missing character: There is no ل in font cmmi12!
Missing character: There is no ف in font cmmi12!
Missing character: There is no و in font cmmi12!
Missing character: There is no ا in font cmmi12!
Missing character: There is no ب in font cmmi12!
Missing character: There is no س in font cmmi12!
Missing character: There is no ت in font cmmi12!
Missing character: There is no ه in font cmmi12!
Missing character: There is no ا in font cmmi12!
Missing character: There is no س in font cmmi12!
Missing character: There is no ت in font cmmi12!
Missing character: There is no و in font cmmi12!
Missing character: There is no پ in font cmmi12!
Missing character: There is no ی in font cmmi12!
Missing character: There is no ش in font cmmi12!
Missing character: There is no ن in font cmmi12!
Missing character: There is no ه in font cmmi12!
Missing character: There is no ا in font cmmi12!
Missing character: There is no د in font cmmi12!
Missing character: There is no م in font cmmi12!
Missing character: There is no ی in font cmmi12!
Missing character: There is no ‌ in font cmr12!
Missing character: There is no گ in font cmmi12!
Missing character: There is no ر in font cmmi12!
Missing character: There is no د in font cmmi12!
Missing character: There is no د in font cmmi12!
Missing character: There is no ب in font cmmi12!
Missing character: There is no ر in font cmmi12!
Missing character: There is no ا in font cmmi12!
Missing character: There is no ی in font cmmi12!
Missing character: There is no ک in font cmmi12!
Missing character: There is no ا in font cmmi12!
Missing character: There is no ر in font cmmi12!
Missing character: There is no ب in font cmmi12!
Missing character: There is no ر in font cmmi12!
Missing character: There is no د in font cmmi12!
Missing character: There is no ه in font cmmi12!
Missing character: There is no ا in font cmmi12!
Missing character: There is no ی in font cmmi12!
Missing character: There is no ج in font cmmi12!
Missing character: There is no د in font cmmi12!
Missing character: There is no ی in font cmmi12!
Missing character: There is no د in font cmmi12!
Missing character: There is no ، in font cmr12!
Missing character: There is no ف in font cmmi12!
Missing character: There is no ر in font cmmi12!
Missing character: There is no آ in font cmmi12!
Missing character: There is no ی in font cmmi12!
Missing character: There is no ن in font cmmi12!
Missing character: There is no د in font cmmi12!
Missing character: There is no ج in font cmmi12!
Missing character: There is no س in font cmmi12!
Missing character: There is no ت in font cmmi12!
Missing character: There is no ج in font cmmi12!
Missing character: There is no و in font cmmi12!
Missing character: There is no ی in font cmmi12!
Missing character: There is no ت in font cmmi12!
Missing character: There is no ن in font cmmi12!
Missing character: There is no ظ in font cmmi12!
Missing character: There is no ی in font cmmi12!
Missing character: There is no م in font cmmi12!
Missing character: There is no ف in font cmmi12!
Missing character: There is no ر in font cmmi12!
Missing character: There is no ا in font cmmi12!
Missing character: There is no پ in font cmmi12!
Missing character: There is no ا in font cmmi12!
Missing character: There is no ر in font cmmi12!
Missing character: There is no ا in font cmmi12!
Missing character: There is no م in font cmmi12!
Missing character: There is no ت in font cmmi12!
Missing character: There is no ر in font cmmi12!
Missing character: There is no م in font cmmi12!
Missing character: There is no ج in font cmmi12!
Missing character: There is no د in font cmmi12!
Missing character: There is no د in font cmmi12!
Missing character: There is no ا in font cmmi12!
Missing character: There is no ً in font cmmi12!
Missing character: There is no ا in font cmmi12!
Missing character: There is no ج in font cmmi12!
Missing character: There is no ر in font cmmi12!
Missing character: There is no ا in font cmmi12!
Missing character: There is no ش in font cmmi12!
Missing character: There is no و in font cmmi12!
Missing character: There is no د in font cmmi12!
Missing character: There is no ت in font cmmi12!
Missing character: There is no ا in font cmmi12!
Missing character: There is no ا in font cmmi12!
Missing character: There is no ع in font cmmi12!
Missing character: There is no ت in font cmmi12!
Missing character: There is no ب in font cmmi12!
Missing character: There is no ا in font cmmi12!
Missing character: There is no ر in font cmmi12!
Missing character: There is no ر in font cmmi12!
Missing character: There is no و in font cmmi12!
Missing character: There is no ش in font cmmi12!
Missing character: There is no و in font cmmi12!
Missing character: There is no ق in font cmmi12!
Missing character: There is no ا in font cmmi12!
Missing character: There is no ب in font cmmi12!
Missing character: There is no ل in font cmmi12!
Missing character: There is no ی in font cmmi12!
Missing character: There is no ت in font cmmi12!
Missing character: There is no ت in font cmmi12!
Missing character: There is no ع in font cmmi12!
Missing character: There is no م in font cmmi12!
Missing character: There is no ی in font cmmi12!
Missing character: There is no م in font cmmi12!
Missing character: There is no ح in font cmmi12!
Missing character: There is no ف in font cmmi12!
Missing character: There is no ظ in font cmmi12!
Missing character: There is no گ in font cmmi12!
Missing character: There is no ر in font cmmi12!
Missing character: There is no د in font cmmi12!
Missing character: There is no د in font cmmi12!
[66]
Package hyperref Info: bookmark level for unknown algorithm defaults to 0 on in
put line 693.
LaTeX Font Info:    Font shape `TU/TimesNewRoman(0)/m/n' will be
(Font)              scaled to size 7.19995pt on input line 709.
LaTeX Font Info:    Font shape `TU/TimesNewRoman(0)/m/n' will be
(Font)              scaled to size 5.39996pt on input line 709.
LaTeX Font Info:    Font shape `TU/XBNiloofar(0)/b/n' will be
(Font)              scaled to size 10.0pt on input line 755.
 [67]
File: figures/knowledge-flow.png Graphic file (type bmp)
<figures/knowledge-flow.png>
 [68]
Underfull \hbox (badness 10000) in paragraph at lines 825--825
[][]\TU/XBNiloofar(0)/m/n/12 مدل شبکه، قید[]
 []


Underfull \hbox (badness 10000) in paragraph at lines 825--825
[][]\TU/XBNiloofar(0)/m/n/12 بافر $\OMS/cmsy/m/n/12 D$ \TU/XBNiloofar(0)/m/n/12
 و وزن‌های[]
 []


Overfull \hbox (1.1188pt too wide) in paragraph at lines 847--848
[] []\TU/XBNiloofar(0)/b/n/12 نقش و نحوه عملکرد ابزار UPPAAL-SMC:[] \TU/XBNiloo
far(0)/m/n/12 در سیستم‌های خودوفق، راستی‌آزمایی زمان اجرا مدل‌های[]
 []

LaTeX Font Info:    Font shape `TU/XBNiloofar(0)/b/n' will be
(Font)              scaled to size 8.0pt on input line 860.
LaTeX Font Info:    Font shape `TU/XBNiloofar(0)/b/n' will be
(Font)              scaled to size 6.0pt on input line 860.

Overfull \hbox (5.86403pt too wide) in paragraph at lines 860--861
[] []\TU/XBNiloofar(0)/b/n/12 فرمول‌بندی دقیق فیلتر ایمنی صوری $\OML/cmm/m/it/1
2 SMC[]Verify$\TU/XBNiloofar(0)/b/n/12 :[] \TU/XBNiloofar(0)/m/n/12 موتور راستی
‌آزمایی صوری با اجرای شبیه‌سازی‌های[]
 []

[69]
Overfull \hbox (2.93309pt too wide) detected at line 868
[][][]\OML/cmm/m/it/12 SMC[]Verify\OT1/cmr/m/n/12 (\OML/cmm/m/it/12 s; a\OT1/cm
r/m/n/12 ) = []
 []

[70]
File: figures/planner-internal.png Graphic file (type bmp)
<figures/planner-internal.png>
 [71] [72] [73] [74]

LaTeX Warning: Citation `haarnoja2018soft' on page 75 undefined on input line 1
035.


Underfull \hbox (badness 10000) in paragraph at lines 1039--1040
[][]
 []

[75] [76]) (chapters/chapter5.tex
فصل 5.

Underfull \hbox (badness 10000) in paragraph at lines 96--96
[][]\TU/XBNiloofar(0)/m/n/12 اجرای تست مقیاس‌پذیری در بسترهای[]
 []


Underfull \hbox (badness 10000) in paragraph at lines 96--96
[][]\TU/TimesNewRoman(0)/m/n/12 DeltaIoTv1[] \TU/XBNiloofar(0)/m/n/12 خ(\TU/XBN
iloofar(1)/m/n/12 ۲۱۶ \TU/XBNiloofar(0)/m/n/12 گزینه)، []\TU/TimesNewRoman(0)/m
/n/12 v1.1[] \TU/XBNiloofar(0)/m/n/12 (\TU/XBNiloofar(1)/m/n/12 ۱۲۹۶[]
 []


Underfull \hbox (badness 1603) in paragraph at lines 97--97
[][]\TU/XBNiloofar(0)/b/n/12 سوال چهارم: \TU/XBNiloofar(0)/m/n/12 مقایسه []\TU/
TimesNewRoman(0)/m/n/12 RS-DRL[] \TU/XBNiloofar(0)/m/n/12 با روش‌های[]
 []


Underfull \hbox (badness 1824) in paragraph at lines 97--97
[][]\TU/XBNiloofar(0)/m/n/12 تقابل با روش‌های استانداردی نظیر []$\OML/cmm/m/it/
12 ^^O$\TU/TimesNewRoman(0)/m/n/12 -greedy[][]
 []


LaTeX Warning: `!h' float specifier changed to `!ht'.

[77

] [78]
Overfull \hbox (6.38382pt too wide) in paragraph at lines 138--139
[][]\TU/XBNiloofar(0)/b/n/12 مقاصد ترکیبی اهداف آستانه‌ای محدود ([]\TU/TimesNew
Roman(0)/b/n/12 TTS Goal[]\TU/XBNiloofar(0)/b/n/12 ): \TU/XBNiloofar(0)/m/n/12 
برای ارزیابی کیفی، الگوریتم‌های شناخته‌شده‌ای[]
 []

[79] [80] [81]
File: figures/multiobjective_deltaiotv1.png Graphic file (type bmp)
<figures/multiobjective_deltaiotv1.png>
File: figures/multiobjective_deltaiotv1.1.png Graphic file (type bmp)
<figures/multiobjective_deltaiotv1.1.png>
 [82] [83]

Package hyperref Warning: Token not allowed in a PDF string (Unicode):
(hyperref)                removing `math shift' on input line 275.


Package hyperref Warning: Token not allowed in a PDF string (Unicode):
(hyperref)                removing `\rho' on input line 275.


Package hyperref Warning: Token not allowed in a PDF string (Unicode):
(hyperref)                removing `math shift' on input line 275.

[84]
File: figures/ablation_rho.pdf Graphic file (type pdf)
<use figures/ablation_rho.pdf>
 [85] [86]
File: figures/figure1_main_convergence.png Graphic file (type bmp)
<figures/figure1_main_convergence.png>
File: figures/figure2_per_seed_breakdown.png Graphic file (type bmp)
<figures/figure2_per_seed_breakdown.png>
File: figures/figure3_statistical_analysis.png Graphic file (type bmp)
<figures/figure3_statistical_analysis.png>
 [87]

LaTeX Warning: `!h' float specifier changed to `!ht'.

[88]
File: figures/figure4_robustness_analysis.png Graphic file (type bmp)
<figures/figure4_robustness_analysis.png>

Overfull \hbox (4.62337pt too wide) in paragraph at lines 419--422
[]\TU/XBNiloofar(0)/m/n/12 برای استواری یافته‌های این رساله، نتایج حاصله توسط آ
زمون‌های دقیق آماری اعتبارسنجی شده‌اند. روش‌شناسی[]
 []

[89] [90] [91]) (chapters/chapter6.tex
فصل 6.
[92

] [93] [94] [95]

Package hyperref Warning: Token not allowed in a PDF string (Unicode):
(hyperref)                removing `math shift' on input line 141.


Package hyperref Warning: Token not allowed in a PDF string (Unicode):
(hyperref)                removing `\rho' on input line 141.


Package hyperref Warning: Token not allowed in a PDF string (Unicode):
(hyperref)                removing `math shift' on input line 141.

[96] [97]
Overfull \hbox (16.76974pt too wide) in paragraph at lines 165--166
[][]\TU/XBNiloofar(0)/b/n/12 تضمین تئوریک فرآیند همگرایی ([]\TU/TimesNewRoman(0
)/b/n/12 Theoretical Analysis[]\TU/XBNiloofar(0)/b/n/12 ): \TU/XBNiloofar(0)/m/
n/12 بررسی اینکه آیا سیگنال پاداش شکل‌دهی‌شده[]
 []


Overfull \hbox (1.1678pt too wide) in paragraph at lines 166--167
[][]\TU/XBNiloofar(0)/b/n/12 کاهش حجمِ پیچیدگی نمونه‌ها ([]\TU/TimesNewRoman(0)
/b/n/12 Sample Complexity Analytical Analysis[]\TU/XBNiloofar(0)/b/n/12 ): \TU/
XBNiloofar(0)/m/n/12 کمیت‌بندی تئوریک[]
 []


Underfull \hbox (badness 10000) in paragraph at lines 188--188
[][]\TU/XBNiloofar(0)/m/n/12 توسعه الگوریتم [][][][][][]\TU/XBNiloofar(1)/m/n/1
2 ۴\TU/XBNiloofar(0)/m/n/12 -‏\TU/XBNiloofar(1)/m/n/12 ۱[][][][][][]\TU/XBNiloo
far(0)/m/n/12 ، نمایش در[]
 []


Underfull \hbox (badness 8189) in paragraph at lines 189--189
[][]\TU/XBNiloofar(0)/m/n/12 حفظ پایداریِ عملکرد با رشد[]
 []


Overfull \hbox (35.99997pt too wide) in paragraph at lines 185--192
 [][][][] 
 []


LaTeX Warning: `!h' float specifier changed to `!ht'.


Overfull \hbox (4.14401pt too wide) in paragraph at lines 194--196
[]\TU/XBNiloofar(0)/m/n/12 الگوریتم [][][][][][]\TU/XBNiloofar(1)/m/n/12 ۴\TU/X
BNiloofar(0)/m/n/12 -‏\TU/XBNiloofar(1)/m/n/12 ۱[][][][][][]\TU/XBNiloofar(0)/m
/n/12 ) که از طریق کنترل‌کننده‌ای با ضریب مشخصِ ($\OML/cmm/m/it/12 ^^Z$\TU/XBNi
loofar(0)/m/n/12 ) عمل نموده‌ و برخلاف رویکردهای غایت‌محور[]
 []

[98] [99] [100]) (thesis_full_toc_persian_v3.bbl
Underfull \hbox (badness 3049) in paragraph at lines 85--87
[][]\TU/TimesNewRoman(0)/m/n/12 Q. He, L. Zhuang, and H. Li, “Soft hindsight ex
perience replay,” \TU/TimesNewRoman(0)/m/it/12 arXiv preprint[]
 []

[101

] [102] [103] [104]) (chapters/appendices.tex [105]
پیوست آ.
[106

]
پیوست ب.
[107

]
پیوست پ.
[108

]
پیوست ت.
[109

]) [110

]
File: Images/logo-en.jpg Graphic file (type bmp)
<Images/logo-en.jpg>
LaTeX Font Info:    Font shape `TU/TimesNewRoman(0)/m/n' will be
(Font)              scaled to size 12.9599pt on input line 218.
LaTeX Font Info:    Font shape `TU/TimesNewRoman(0)/b/n' will be
(Font)              scaled to size 22.39185pt on input line 218.
 [111]

enddocument/afterlastpage (AED): lastpage setting LastPage.
(thesis_full_toc_persian_v3.aux)
 ***********
LaTeX2e <2025-11-01>
L3 programming layer <2026-04-28>
 ***********


LaTeX Warning: There were undefined references.

Package rerunfilecheck Info: File `thesis_full_toc_persian_v3.out' has not chan
ged.
(rerunfilecheck)             Checksum: 1F2640417096824BB0868FC42FF848E5;47221.
 ) 
Here is how much of TeX's memory you used:
 17604 strings out of 402799
 363936 string characters out of 5449216
 870010 words of memory out of 5000000
 46056 multiletter control sequences out of 15000+600000
 638918 words of font info for 172 fonts, out of 8000000 for 9000
 1348 hyphenation exceptions out of 8191
 93i,16n,97p,2336b,942s stack positions out of 10000i,1000n,20000p,200000b,200000s

Output written on thesis_full_toc_persian_v3.pdf (133 pages).
